{"numFailedTestSuites":0,"numFailedTests":0,"numPassedTestSuites":3,"numPassedTests":7,"numPendingTestSuites":0,"numPendingTests":0,"numRuntimeErrorTestSuites":0,"numTodoTests":0,"numTotalTestSuites":3,"numTotalTests":7,"openHandles":[],"snapshot":{"added":0,"didUpdate":false,"failure":false,"filesAdded":0,"filesRemoved":0,"filesRemovedList":[],"filesUnmatched":0,"filesUpdated":0,"matched":0,"total":0,"unchecked":0,"uncheckedKeysByFile":[],"unmatched":0,"updated":0},"startTime":1767434547592,"success":true,"testResults":[{"assertionResults":[{"ancestorTitles":["mongo.utils"],"duration":11,"failureDetails":[],"failureMessages":[],"fullName":"mongo.utils should query inside an object when call forOwnRecursive","invocations":1,"location":{"column":3,"line":24},"numPassingAsserts":2,"retryReasons":[],"status":"passed","title":"should query inside an object when call forOwnRecursive"},{"ancestorTitles":["mongo.utils"],"duration":0,"failureDetails":[],"failureMessages":[],"fullName":"mongo.utils should convert successfully when call convertSetToObject","invocations":1,"location":{"column":3,"line":32},"numPassingAsserts":1,"retryReasons":[],"status":"passed","title":"should convert successfully when call convertSetToObject"},{"ancestorTitles":["mongo.utils"],"duration":1,"failureDetails":[],"failureMessages":[],"fullName":"mongo.utils should convert successfully when call convertMapToPlainObject","invocations":1,"location":{"column":3,"line":37},"numPassingAsserts":1,"retryReasons":[],"status":"passed","title":"should convert successfully when call convertMapToPlainObject"},{"ancestorTitles":["mongo.utils"],"duration":7,"failureDetails":[],"failureMessages":[],"fullName":"mongo.utils should convert successfully when call convertMapToPlainObject","invocations":1,"location":{"column":3,"line":42},"numPassingAsserts":2,"retryReasons":[],"status":"passed","title":"should convert successfully when call convertMapToPlainObject"},{"ancestorTitles":["mongo.utils","getObjectId"],"duration":1,"failureDetails":[],"failureMessages":[],"fullName":"mongo.utils getObjectId should return object id","invocations":1,"location":{"column":5,"line":73},"numPassingAsserts":1,"retryReasons":[],"status":"passed","title":"should return object id"}],"endTime":1767434554898,"message":"","name":"/home/runner/work/backend-node-service/backend-node-service/src/modules/common/database/mongo/shared/mongo.utils.spec.ts","startTime":1767434547790,"status":"passed","summary":""},{"assertionResults":[{"ancestorTitles":["HealthApiController"],"duration":5,"failureDetails":[],"failureMessages":[],"fullName":"HealthApiController should return service still online\"","invocations":1,"location":{"column":3,"line":24},"numPassingAsserts":1,"retryReasons":[],"status":"passed","title":"should return service still online\""}],"endTime":1767434555251,"message":"","name":"/home/runner/work/backend-node-service/backend-node-service/src/modules/common/health/controllers/health.api.controller.spec.ts","startTime":1767434547803,"status":"passed","summary":""},{"assertionResults":[{"ancestorTitles":["LoggerMiddleware"],"duration":5,"failureDetails":[],"failureMessages":[],"fullName":"LoggerMiddleware Should call success","invocations":1,"location":{"column":3,"line":14},"numPassingAsserts":2,"retryReasons":[],"status":"passed","title":"Should call success"}],"endTime":1767434556215,"message":"","name":"/home/runner/work/backend-node-service/backend-node-service/src/middleware/logger.middleware.spec.ts","startTime":1767434547827,"status":"passed","summary":""}],"wasInterrupted":false,"coverageMap":{"/home/runner/work/backend-node-service/backend-node-service/src/modules/common/database/mongo/shared/mongo.utils.ts":{"path":"/home/runner/work/backend-node-service/backend-node-service/src/modules/common/database/mongo/shared/mongo.utils.ts","statementMap":{"0":{"start":{"line":24,"column":0},"end":{"line":24,"column":16}},"1":{"start":{"line":36,"column":0},"end":{"line":36,"column":16}},"2":{"start":{"line":40,"column":0},"end":{"line":40,"column":16}},"3":{"start":{"line":44,"column":0},"end":{"line":44,"column":16}},"4":{"start":{"line":85,"column":0},"end":{"line":85,"column":16}},"5":{"start":{"line":93,"column":0},"end":{"line":93,"column":7}},"6":{"start":{"line":110,"column":0},"end":{"line":110,"column":16}},"7":{"start":{"line":1,"column":0},"end":{"line":1,"column":44}},"8":{"start":{"line":2,"column":0},"end":{"line":2,"column":null}},"9":{"start":{"line":21,"column":0},"end":{"line":21,"column":48}},"10":{"start":{"line":28,"column":2},"end":{"line":33,"column":5}},"11":{"start":{"line":29,"column":27},"end":{"line":29,"column":52}},"12":{"start":{"line":30,"column":4},"end":{"line":31,"column":80}},"13":{"start":{"line":31,"column":6},"end":{"line":31,"column":80}},"14":{"start":{"line":31,"column":46},"end":{"line":31,"column":78}},"15":{"start":{"line":32,"column":4},"end":{"line":32,"column":38}},"16":{"start":{"line":37,"column":2},"end":{"line":37,"column":36}},"17":{"start":{"line":41,"column":2},"end":{"line":41,"column":48}},"18":{"start":{"line":45,"column":26},"end":{"line":50,"column":3}},"19":{"start":{"line":46,"column":4},"end":{"line":49,"column":73}},"20":{"start":{"line":46,"column":35},"end":{"line":46,"column":62}},"21":{"start":{"line":47,"column":9},"end":{"line":49,"column":73}},"22":{"start":{"line":47,"column":42},"end":{"line":47,"column":74}},"23":{"start":{"line":48,"column":9},"end":{"line":49,"column":73}},"24":{"start":{"line":48,"column":35},"end":{"line":48,"column":68}},"25":{"start":{"line":49,"column":9},"end":{"line":49,"column":73}},"26":{"start":{"line":49,"column":35},"end":{"line":49,"column":73}},"27":{"start":{"line":57,"column":6},"end":{"line":57,"column":13}},"28":{"start":{"line":59,"column":20},"end":{"line":59,"column":48}},"29":{"start":{"line":61,"column":2},"end":{"line":80,"column":3}},"30":{"start":{"line":62,"column":4},"end":{"line":68,"column":7}},"31":{"start":{"line":63,"column":18},"end":{"line":63,"column":28}},"32":{"start":{"line":64,"column":6},"end":{"line":67,"column":7}},"33":{"start":{"line":65,"column":23},"end":{"line":65,"column":74}},"34":{"start":{"line":66,"column":8},"end":{"line":66,"column":75}},"35":{"start":{"line":66,"column":20},"end":{"line":66,"column":75}},"36":{"start":{"line":70,"column":4},"end":{"line":79,"column":7}},"37":{"start":{"line":71,"column":6},"end":{"line":71,"column":89}},"38":{"start":{"line":71,"column":66},"end":{"line":71,"column":89}},"39":{"start":{"line":72,"column":6},"end":{"line":78,"column":9}},"40":{"start":{"line":73,"column":8},"end":{"line":73,"column":51}},"41":{"start":{"line":73,"column":29},"end":{"line":73,"column":51}},"42":{"start":{"line":74,"column":8},"end":{"line":77,"column":9}},"43":{"start":{"line":75,"column":10},"end":{"line":75,"column":33}},"44":{"start":{"line":76,"column":10},"end":{"line":76,"column":23}},"45":{"start":{"line":82,"column":2},"end":{"line":82,"column":19}},"46":{"start":{"line":86,"column":2},"end":{"line":90,"column":3}},"47":{"start":{"line":87,"column":4},"end":{"line":87,"column":37}},"48":{"start":{"line":89,"column":4},"end":{"line":89,"column":32}},"49":{"start":{"line":99,"column":2},"end":{"line":107,"column":3}},"50":{"start":{"line":100,"column":4},"end":{"line":102,"column":7}},"51":{"start":{"line":101,"column":6},"end":{"line":101,"column":30}},"52":{"start":{"line":104,"column":4},"end":{"line":104,"column":15}},"53":{"start":{"line":106,"column":4},"end":{"line":106,"column":31}},"54":{"start":{"line":117,"column":12},"end":{"line":117,"column":24}},"55":{"start":{"line":119,"column":2},"end":{"line":121,"column":3}},"56":{"start":{"line":120,"column":4},"end":{"line":120,"column":52}},"57":{"start":{"line":123,"column":2},"end":{"line":123,"column":21}},"58":{"start":{"line":125,"column":2},"end":{"line":127,"column":3}},"59":{"start":{"line":126,"column":4},"end":{"line":126,"column":29}},"60":{"start":{"line":129,"column":2},"end":{"line":129,"column":31}},"61":{"start":{"line":131,"column":2},"end":{"line":131,"column":13}}},"fnMap":{"0":{"name":"forOwnRecursive","decl":{"start":{"line":24,"column":16},"end":{"line":24,"column":31}},"loc":{"start":{"line":26,"column":68},"end":{"line":34,"column":1}}},"1":{"name":"(anonymous_1)","decl":{"start":{"line":28,"column":21},"end":{"line":28,"column":22}},"loc":{"start":{"line":28,"column":46},"end":{"line":33,"column":3}}},"2":{"name":"(anonymous_2)","decl":{"start":{"line":31,"column":36},"end":{"line":31,"column":37}},"loc":{"start":{"line":31,"column":46},"end":{"line":31,"column":78}}},"3":{"name":"convertSetToObject","decl":{"start":{"line":36,"column":16},"end":{"line":36,"column":34}},"loc":{"start":{"line":36,"column":57},"end":{"line":38,"column":1}}},"4":{"name":"convertMapToPlainObject","decl":{"start":{"line":40,"column":16},"end":{"line":40,"column":39}},"loc":{"start":{"line":40,"column":70},"end":{"line":42,"column":1}}},"5":{"name":"convertObject","decl":{"start":{"line":44,"column":16},"end":{"line":44,"column":29}},"loc":{"start":{"line":44,"column":89},"end":{"line":83,"column":1}}},"6":{"name":"(anonymous_6)","decl":{"start":{"line":45,"column":26},"end":{"line":45,"column":27}},"loc":{"start":{"line":45,"column":41},"end":{"line":50,"column":3}}},"7":{"name":"(anonymous_7)","decl":{"start":{"line":62,"column":31},"end":{"line":62,"column":32}},"loc":{"start":{"line":62,"column":47},"end":{"line":68,"column":5}}},"8":{"name":"(anonymous_8)","decl":{"start":{"line":70,"column":31},"end":{"line":70,"column":32}},"loc":{"start":{"line":70,"column":48},"end":{"line":79,"column":5}}},"9":{"name":"(anonymous_9)","decl":{"start":{"line":72,"column":23},"end":{"line":72,"column":24}},"loc":{"start":{"line":72,"column":33},"end":{"line":78,"column":7}}},"10":{"name":"getObjectId","decl":{"start":{"line":85,"column":16},"end":{"line":85,"column":27}},"loc":{"start":{"line":85,"column":42},"end":{"line":91,"column":1}}},"11":{"name":"handleSession","decl":{"start":{"line":93,"column":22},"end":{"line":93,"column":35}},"loc":{"start":{"line":95,"column":29},"end":{"line":108,"column":1}}},"12":{"name":"(anonymous_12)","decl":{"start":{"line":100,"column":34},"end":{"line":100,"column":39}},"loc":{"start":{"line":100,"column":45},"end":{"line":102,"column":5}}},"13":{"name":"getConnectionString","decl":{"start":{"line":110,"column":16},"end":{"line":110,"column":35}},"loc":{"start":{"line":116,"column":1},"end":{"line":132,"column":1}}}},"branchMap":{"0":{"loc":{"start":{"line":26,"column":2},"end":{"line":26,"column":68}},"type":"default-arg","locations":[{"start":{"line":26,"column":60},"end":{"line":26,"column":68}}]},"1":{"loc":{"start":{"line":30,"column":4},"end":{"line":31,"column":80}},"type":"if","locations":[{"start":{"line":30,"column":4},"end":{"line":31,"column":80}}]},"2":{"loc":{"start":{"line":30,"column":8},"end":{"line":30,"column":46}},"type":"binary-expr","locations":[{"start":{"line":30,"column":8},"end":{"line":30,"column":28}},{"start":{"line":30,"column":32},"end":{"line":30,"column":46}}]},"3":{"loc":{"start":{"line":44,"column":54},"end":{"line":44,"column":89}},"type":"default-arg","locations":[{"start":{"line":44,"column":87},"end":{"line":44,"column":89}}]},"4":{"loc":{"start":{"line":46,"column":4},"end":{"line":49,"column":73}},"type":"if","locations":[{"start":{"line":46,"column":4},"end":{"line":49,"column":73}},{"start":{"line":47,"column":9},"end":{"line":49,"column":73}}]},"5":{"loc":{"start":{"line":47,"column":9},"end":{"line":49,"column":73}},"type":"if","locations":[{"start":{"line":47,"column":9},"end":{"line":49,"column":73}},{"start":{"line":48,"column":9},"end":{"line":49,"column":73}}]},"6":{"loc":{"start":{"line":48,"column":9},"end":{"line":49,"column":73}},"type":"if","locations":[{"start":{"line":48,"column":9},"end":{"line":49,"column":73}},{"start":{"line":49,"column":9},"end":{"line":49,"column":73}}]},"7":{"loc":{"start":{"line":49,"column":9},"end":{"line":49,"column":73}},"type":"if","locations":[{"start":{"line":49,"column":9},"end":{"line":49,"column":73}}]},"8":{"loc":{"start":{"line":53,"column":4},"end":{"line":53,"column":20}},"type":"default-arg","locations":[{"start":{"line":53,"column":14},"end":{"line":53,"column":20}}]},"9":{"loc":{"start":{"line":54,"column":4},"end":{"line":54,"column":23}},"type":"default-arg","locations":[{"start":{"line":54,"column":20},"end":{"line":54,"column":23}}]},"10":{"loc":{"start":{"line":55,"column":4},"end":{"line":55,"column":30}},"type":"default-arg","locations":[{"start":{"line":55,"column":15},"end":{"line":55,"column":30}}]},"11":{"loc":{"start":{"line":56,"column":4},"end":{"line":56,"column":26}},"type":"default-arg","locations":[{"start":{"line":56,"column":13},"end":{"line":56,"column":26}}]},"12":{"loc":{"start":{"line":61,"column":2},"end":{"line":80,"column":3}},"type":"if","locations":[{"start":{"line":61,"column":2},"end":{"line":80,"column":3}}]},"13":{"loc":{"start":{"line":61,"column":6},"end":{"line":61,"column":52}},"type":"binary-expr","locations":[{"start":{"line":61,"column":6},"end":{"line":61,"column":30}},{"start":{"line":61,"column":34},"end":{"line":61,"column":52}}]},"14":{"loc":{"start":{"line":64,"column":6},"end":{"line":67,"column":7}},"type":"if","locations":[{"start":{"line":64,"column":6},"end":{"line":67,"column":7}}]},"15":{"loc":{"start":{"line":65,"column":23},"end":{"line":65,"column":74}},"type":"cond-expr","locations":[{"start":{"line":65,"column":44},"end":{"line":65,"column":55}},{"start":{"line":65,"column":58},"end":{"line":65,"column":74}}]},"16":{"loc":{"start":{"line":66,"column":8},"end":{"line":66,"column":75}},"type":"if","locations":[{"start":{"line":66,"column":8},"end":{"line":66,"column":75}}]},"17":{"loc":{"start":{"line":71,"column":6},"end":{"line":71,"column":89}},"type":"if","locations":[{"start":{"line":71,"column":6},"end":{"line":71,"column":89}}]},"18":{"loc":{"start":{"line":71,"column":10},"end":{"line":71,"column":64}},"type":"binary-expr","locations":[{"start":{"line":71,"column":10},"end":{"line":71,"column":23}},{"start":{"line":71,"column":27},"end":{"line":71,"column":64}}]},"19":{"loc":{"start":{"line":73,"column":8},"end":{"line":73,"column":51}},"type":"if","locations":[{"start":{"line":73,"column":8},"end":{"line":73,"column":51}}]},"20":{"loc":{"start":{"line":74,"column":8},"end":{"line":77,"column":9}},"type":"if","locations":[{"start":{"line":74,"column":8},"end":{"line":77,"column":9}}]},"21":{"loc":{"start":{"line":119,"column":2},"end":{"line":121,"column":3}},"type":"if","locations":[{"start":{"line":119,"column":2},"end":{"line":121,"column":3}}]},"22":{"loc":{"start":{"line":119,"column":6},"end":{"line":119,"column":40}},"type":"binary-expr","locations":[{"start":{"line":119,"column":6},"end":{"line":119,"column":21}},{"start":{"line":119,"column":25},"end":{"line":119,"column":40}}]},"23":{"loc":{"start":{"line":125,"column":2},"end":{"line":127,"column":3}},"type":"if","locations":[{"start":{"line":125,"column":2},"end":{"line":127,"column":3}}]}},"s":{"0":1,"1":1,"2":1,"3":1,"4":1,"5":1,"6":1,"7":1,"8":1,"9":1,"10":14,"11":39,"12":39,"13":9,"14":13,"15":30,"16":3,"17":3,"18":2,"19":14,"20":2,"21":12,"22":2,"23":10,"24":2,"25":8,"26":2,"27":2,"28":2,"29":2,"30":2,"31":14,"32":14,"33":14,"34":14,"35":1,"36":2,"37":15,"38":2,"39":15,"40":15,"41":15,"42":15,"43":1,"44":1,"45":2,"46":1,"47":1,"48":0,"49":0,"50":0,"51":0,"52":0,"53":0,"54":0,"55":0,"56":0,"57":0,"58":0,"59":0,"60":0,"61":0},"f":{"0":14,"1":39,"2":13,"3":3,"4":3,"5":2,"6":14,"7":14,"8":15,"9":15,"10":1,"11":0,"12":0,"13":0},"b":{"0":[0],"1":[9],"2":[39,35],"3":[2],"4":[2,12],"5":[2,10],"6":[2,8],"7":[2],"8":[2],"9":[2],"10":[2],"11":[2],"12":[2],"13":[2,1],"14":[14],"15":[0,14],"16":[1],"17":[2],"18":[15,15],"19":[15],"20":[1],"21":[0],"22":[0,0],"23":[0]}},"/home/runner/work/backend-node-service/backend-node-service/src/modules/common/health/controllers/health.api.controller.ts":{"path":"/home/runner/work/backend-node-service/backend-node-service/src/modules/common/health/controllers/health.api.controller.ts","statementMap":{"0":{"start":{"line":1,"column":0},"end":{"line":1,"column":49}},"1":{"start":{"line":2,"column":0},"end":{"line":2,"column":59}},"2":{"start":{"line":3,"column":0},"end":{"line":3,"column":56}},"3":{"start":{"line":4,"column":0},"end":{"line":4,"column":67}},"4":{"start":{"line":5,"column":0},"end":{"line":5,"column":30}},"5":{"start":{"line":10,"column":7},"end":{"line":26,"column":null}},"6":{"start":{"line":12,"column":21},"end":{"line":12,"column":29}},"7":{"start":{"line":13,"column":21},"end":{"line":13,"column":36}},"8":{"start":{"line":23,"column":19},"end":{"line":23,"column":81}},"9":{"start":{"line":23,"column":50},"end":{"line":23,"column":79}},"10":{"start":{"line":24,"column":4},"end":{"line":24,"column":45}},"11":{"start":{"line":10,"column":13},"end":{"line":10,"column":32}},"12":{"start":{"line":22,"column":8},"end":{"line":25,"column":null}},"13":{"start":{"line":10,"column":13},"end":{"line":26,"column":null}}},"fnMap":{"0":{"name":"(anonymous_2)","decl":{"start":{"line":11,"column":2},"end":{"line":11,"column":null}},"loc":{"start":{"line":13,"column":49},"end":{"line":14,"column":6}}},"1":{"name":"(anonymous_3)","decl":{"start":{"line":22,"column":2},"end":{"line":22,"column":7}},"loc":{"start":{"line":22,"column":19},"end":{"line":25,"column":3}}},"2":{"name":"(anonymous_4)","decl":{"start":{"line":23,"column":44},"end":{"line":23,"column":47}},"loc":{"start":{"line":23,"column":50},"end":{"line":23,"column":79}}}},"branchMap":{},"s":{"0":1,"1":1,"2":1,"3":1,"4":1,"5":1,"6":1,"7":1,"8":1,"9":1,"10":1,"11":1,"12":1,"13":1},"f":{"0":1,"1":1,"2":1},"b":{}},"/home/runner/work/backend-node-service/backend-node-service/src/modules/common/health/services/health.service.ts":{"path":"/home/runner/work/backend-node-service/backend-node-service/src/modules/common/health/services/health.service.ts","statementMap":{"0":{"start":{"line":1,"column":0},"end":{"line":1,"column":44}},"1":{"start":{"line":2,"column":0},"end":{"line":2,"column":51}},"2":{"start":{"line":3,"column":0},"end":{"line":3,"column":44}},"3":{"start":{"line":6,"column":7},"end":{"line":14,"column":null}},"4":{"start":{"line":8,"column":4},"end":{"line":8,"column":12}},"5":{"start":{"line":12,"column":4},"end":{"line":12,"column":78}},"6":{"start":{"line":6,"column":13},"end":{"line":6,"column":26}},"7":{"start":{"line":6,"column":13},"end":{"line":14,"column":null}}},"fnMap":{"0":{"name":"(anonymous_2)","decl":{"start":{"line":7,"column":2},"end":{"line":7,"column":null}},"loc":{"start":{"line":7,"column":2},"end":{"line":9,"column":3}}},"1":{"name":"(anonymous_3)","decl":{"start":{"line":11,"column":2},"end":{"line":11,"column":10}},"loc":{"start":{"line":11,"column":10},"end":{"line":13,"column":3}}}},"branchMap":{},"s":{"0":1,"1":1,"2":1,"3":1,"4":1,"5":1,"6":1,"7":1},"f":{"0":1,"1":1},"b":{}},"/home/runner/work/backend-node-service/backend-node-service/src/modules/common/health/shared/const.ts":{"path":"/home/runner/work/backend-node-service/backend-node-service/src/modules/common/health/shared/const.ts","statementMap":{"0":{"start":{"line":1,"column":0},"end":{"line":1,"column":null}},"1":{"start":{"line":2,"column":2},"end":{"line":2,"column":null}}},"fnMap":{"0":{"name":"(anonymous_0)","decl":{"start":{"line":1,"column":0},"end":{"line":1,"column":12}},"loc":{"start":{"line":1,"column":21},"end":{"line":3,"column":1}}}},"branchMap":{"0":{"loc":{"start":{"line":1,"column":12},"end":{"line":1,"column":null}},"type":"binary-expr","locations":[{"start":{"line":1,"column":12},"end":{"line":1,"column":21}},{"start":{"line":1,"column":21},"end":{"line":1,"column":null}}]}},"s":{"0":1,"1":1},"f":{"0":1},"b":{"0":[1,1]}},"/home/runner/work/backend-node-service/backend-node-service/src/shared/logger.ts":{"path":"/home/runner/work/backend-node-service/backend-node-service/src/shared/logger.ts","statementMap":{"0":{"start":{"line":2,"column":0},"end":{"line":2,"column":58}},"1":{"start":{"line":3,"column":0},"end":{"line":3,"column":45}},"2":{"start":{"line":4,"column":0},"end":{"line":4,"column":62}},"3":{"start":{"line":5,"column":0},"end":{"line":5,"column":24}},"4":{"start":{"line":7,"column":13},"end":{"line":16,"column":3}},"5":{"start":{"line":23,"column":4},"end":{"line":23,"column":24}},"6":{"start":{"line":24,"column":4},"end":{"line":24,"column":33}},"7":{"start":{"line":28,"column":4},"end":{"line":28,"column":41}},"8":{"start":{"line":37,"column":4},"end":{"line":37,"column":39}},"9":{"start":{"line":37,"column":32},"end":{"line":37,"column":39}},"10":{"start":{"line":38,"column":4},"end":{"line":38,"column":53}},"11":{"start":{"line":42,"column":4},"end":{"line":42,"column":61}},"12":{"start":{"line":46,"column":4},"end":{"line":46,"column":63}},"13":{"start":{"line":50,"column":4},"end":{"line":50,"column":61}},"14":{"start":{"line":54,"column":4},"end":{"line":54,"column":63}},"15":{"start":{"line":58,"column":4},"end":{"line":58,"column":75}},"16":{"start":{"line":62,"column":4},"end":{"line":62,"column":33}},"17":{"start":{"line":66,"column":13},"end":{"line":66,"column":51}}},"fnMap":{"0":{"name":"(anonymous_0)","decl":{"start":{"line":22,"column":2},"end":{"line":22,"column":14}},"loc":{"start":{"line":22,"column":64},"end":{"line":25,"column":3}}},"1":{"name":"(anonymous_1)","decl":{"start":{"line":27,"column":10},"end":{"line":27,"column":19}},"loc":{"start":{"line":27,"column":43},"end":{"line":29,"column":3}}},"2":{"name":"(anonymous_2)","decl":{"start":{"line":31,"column":10},"end":{"line":31,"column":13}},"loc":{"start":{"line":35,"column":18},"end":{"line":39,"column":3}}},"3":{"name":"(anonymous_3)","decl":{"start":{"line":41,"column":2},"end":{"line":41,"column":6}},"loc":{"start":{"line":41,"column":38},"end":{"line":43,"column":3}}},"4":{"name":"(anonymous_4)","decl":{"start":{"line":45,"column":2},"end":{"line":45,"column":7}},"loc":{"start":{"line":45,"column":39},"end":{"line":47,"column":3}}},"5":{"name":"(anonymous_5)","decl":{"start":{"line":49,"column":2},"end":{"line":49,"column":6}},"loc":{"start":{"line":49,"column":38},"end":{"line":51,"column":3}}},"6":{"name":"(anonymous_6)","decl":{"start":{"line":53,"column":2},"end":{"line":53,"column":7}},"loc":{"start":{"line":53,"column":39},"end":{"line":55,"column":3}}},"7":{"name":"(anonymous_7)","decl":{"start":{"line":57,"column":2},"end":{"line":57,"column":11}},"loc":{"start":{"line":57,"column":58},"end":{"line":59,"column":3}}},"8":{"name":"(anonymous_8)","decl":{"start":{"line":61,"column":2},"end":{"line":61,"column":13}},"loc":{"start":{"line":61,"column":37},"end":{"line":63,"column":3}}}},"branchMap":{"0":{"loc":{"start":{"line":22,"column":14},"end":{"line":22,"column":32}},"type":"default-arg","locations":[{"start":{"line":22,"column":26},"end":{"line":22,"column":32}}]},"1":{"loc":{"start":{"line":22,"column":34},"end":{"line":22,"column":64}},"type":"default-arg","locations":[{"start":{"line":22,"column":42},"end":{"line":22,"column":64}}]},"2":{"loc":{"start":{"line":37,"column":4},"end":{"line":37,"column":39}},"type":"if","locations":[{"start":{"line":37,"column":4},"end":{"line":37,"column":39}}]},"3":{"loc":{"start":{"line":58,"column":41},"end":{"line":58,"column":73}},"type":"binary-expr","locations":[{"start":{"line":58,"column":41},"end":{"line":58,"column":49}},{"start":{"line":58,"column":53},"end":{"line":58,"column":73}}]}},"s":{"0":1,"1":1,"2":1,"3":1,"4":1,"5":1,"6":1,"7":0,"8":0,"9":0,"10":0,"11":0,"12":0,"13":0,"14":0,"15":0,"16":0,"17":1},"f":{"0":1,"1":0,"2":0,"3":0,"4":0,"5":0,"6":0,"7":0,"8":0},"b":{"0":[1],"1":[1],"2":[0],"3":[0,0]}},"/home/runner/work/backend-node-service/backend-node-service/src/packages/event-sdk/index.ts":{"path":"/home/runner/work/backend-node-service/backend-node-service/src/packages/event-sdk/index.ts","statementMap":{"0":{"start":{"line":1,"column":0},"end":{"line":1,"column":9}},"1":{"start":{"line":8,"column":2},"end":{"line":1,"column":33}},"2":{"start":{"line":9,"column":2},"end":{"line":1,"column":59}},"3":{"start":{"line":10,"column":2},"end":{"line":1,"column":95}},"4":{"start":{"line":2,"column":0},"end":{"line":2,"column":9}},"5":{"start":{"line":11,"column":2},"end":{"line":2,"column":57}},"6":{"start":{"line":3,"column":0},"end":{"line":3,"column":9}},"7":{"start":{"line":12,"column":2},"end":{"line":3,"column":50}},"8":{"start":{"line":4,"column":0},"end":{"line":4,"column":9}},"9":{"start":{"line":13,"column":2},"end":{"line":4,"column":52}}},"fnMap":{"0":{"name":"(anonymous_0)","decl":{"start":{"line":8,"column":2},"end":{"line":8,"column":24}},"loc":{"start":{"line":8,"column":2},"end":{"line":1,"column":33}}},"1":{"name":"(anonymous_1)","decl":{"start":{"line":9,"column":2},"end":{"line":9,"column":26}},"loc":{"start":{"line":9,"column":2},"end":{"line":1,"column":59}}},"2":{"name":"(anonymous_2)","decl":{"start":{"line":10,"column":2},"end":{"line":10,"column":10}},"loc":{"start":{"line":10,"column":2},"end":{"line":1,"column":95}}},"3":{"name":"(anonymous_3)","decl":{"start":{"line":11,"column":2},"end":{"line":11,"column":18}},"loc":{"start":{"line":11,"column":2},"end":{"line":2,"column":57}}},"4":{"name":"(anonymous_4)","decl":{"start":{"line":12,"column":2},"end":{"line":12,"column":15}},"loc":{"start":{"line":12,"column":2},"end":{"line":3,"column":50}}},"5":{"name":"(anonymous_5)","decl":{"start":{"line":13,"column":2},"end":{"line":13,"column":16}},"loc":{"start":{"line":13,"column":2},"end":{"line":4,"column":52}}}},"branchMap":{},"s":{"0":1,"1":1,"2":1,"3":2,"4":1,"5":1,"6":1,"7":1,"8":1,"9":1},"f":{"0":0,"1":0,"2":1,"3":0,"4":0,"5":0},"b":{}},"/home/runner/work/backend-node-service/backend-node-service/src/packages/event-sdk/event-sdk.const.ts":{"path":"/home/runner/work/backend-node-service/backend-node-service/src/packages/event-sdk/event-sdk.const.ts","statementMap":{"0":{"start":{"line":1,"column":0},"end":{"line":1,"column":57}},"1":{"start":{"line":3,"column":0},"end":{"line":3,"column":38}},"2":{"start":{"line":5,"column":17},"end":{"line":9,"column":2}},"3":{"start":{"line":11,"column":9},"end":{"line":11,"column":17}}},"fnMap":{},"branchMap":{},"s":{"0":1,"1":1,"2":1,"3":1},"f":{},"b":{}},"/home/runner/work/backend-node-service/backend-node-service/src/packages/event-sdk/shared/shared.const.ts":{"path":"/home/runner/work/backend-node-service/backend-node-service/src/packages/event-sdk/shared/shared.const.ts","statementMap":{"0":{"start":{"line":1,"column":0},"end":{"line":1,"column":57}},"1":{"start":{"line":3,"column":13},"end":{"line":3,"column":53}},"2":{"start":{"line":4,"column":13},"end":{"line":4,"column":73}},"3":{"start":{"line":6,"column":13},"end":{"line":6,"column":67}},"4":{"start":{"line":7,"column":13},"end":{"line":7,"column":67}},"5":{"start":{"line":9,"column":13},"end":{"line":9,"column":50}},"6":{"start":{"line":11,"column":13},"end":{"line":36,"column":2}}},"fnMap":{},"branchMap":{},"s":{"0":1,"1":1,"2":1,"3":1,"4":1,"5":1,"6":1},"f":{},"b":{}},"/home/runner/work/backend-node-service/backend-node-service/src/packages/event-sdk/event-sdk.decorator.ts":{"path":"/home/runner/work/backend-node-service/backend-node-service/src/packages/event-sdk/event-sdk.decorator.ts","statementMap":{"0":{"start":{"line":1,"column":0},"end":{"line":1,"column":62}},"1":{"start":{"line":2,"column":0},"end":{"line":2,"column":64}},"2":{"start":{"line":4,"column":32},"end":{"line":6,"column":1}},"3":{"start":{"line":5,"column":2},"end":{"line":5,"column":74}},"4":{"start":{"line":4,"column":13},"end":{"line":4,"column":32}}},"fnMap":{"0":{"name":"(anonymous_0)","decl":{"start":{"line":4,"column":32},"end":{"line":4,"column":33}},"loc":{"start":{"line":4,"column":50},"end":{"line":6,"column":1}}}},"branchMap":{},"s":{"0":1,"1":1,"2":1,"3":0,"4":1},"f":{"0":0},"b":{}},"/home/runner/work/backend-node-service/backend-node-service/src/packages/event-sdk/event-sdk.guard.ts":{"path":"/home/runner/work/backend-node-service/backend-node-service/src/packages/event-sdk/event-sdk.guard.ts","statementMap":{"0":{"start":{"line":1,"column":0},"end":{"line":1,"column":96}},"1":{"start":{"line":2,"column":0},"end":{"line":2,"column":52}},"2":{"start":{"line":3,"column":0},"end":{"line":3,"column":47}},"3":{"start":{"line":4,"column":0},"end":{"line":4,"column":63}},"4":{"start":{"line":7,"column":7},"end":{"line":35,"column":null}},"5":{"start":{"line":9,"column":20},"end":{"line":9,"column":45}},"6":{"start":{"line":10,"column":4},"end":{"line":10,"column":56}},"7":{"start":{"line":10,"column":44},"end":{"line":10,"column":56}},"8":{"start":{"line":12,"column":20},"end":{"line":12,"column":40}},"9":{"start":{"line":13,"column":19},"end":{"line":13,"column":37}},"10":{"start":{"line":15,"column":23},"end":{"line":15,"column":95}},"11":{"start":{"line":16,"column":21},"end":{"line":16,"column":36}},"12":{"start":{"line":19,"column":4},"end":{"line":19,"column":94}},"13":{"start":{"line":19,"column":82},"end":{"line":19,"column":94}},"14":{"start":{"line":21,"column":19},"end":{"line":21,"column":48}},"15":{"start":{"line":24,"column":6},"end":{"line":26,"column":12}},"16":{"start":{"line":28,"column":19},"end":{"line":28,"column":73}},"17":{"start":{"line":29,"column":4},"end":{"line":31,"column":5}},"18":{"start":{"line":30,"column":6},"end":{"line":30,"column":48}},"19":{"start":{"line":33,"column":4},"end":{"line":33,"column":16}},"20":{"start":{"line":7,"column":13},"end":{"line":7,"column":26}},"21":{"start":{"line":7,"column":13},"end":{"line":35,"column":null}}},"fnMap":{"0":{"name":"(anonymous_1)","decl":{"start":{"line":8,"column":2},"end":{"line":8,"column":13}},"loc":{"start":{"line":8,"column":39},"end":{"line":34,"column":3}}}},"branchMap":{"0":{"loc":{"start":{"line":10,"column":4},"end":{"line":10,"column":56}},"type":"if","locations":[{"start":{"line":10,"column":4},"end":{"line":10,"column":56}}]},"1":{"loc":{"start":{"line":19,"column":4},"end":{"line":19,"column":94}},"type":"if","locations":[{"start":{"line":19,"column":4},"end":{"line":19,"column":94}}]},"2":{"loc":{"start":{"line":19,"column":8},"end":{"line":19,"column":80}},"type":"binary-expr","locations":[{"start":{"line":19,"column":8},"end":{"line":19,"column":17}},{"start":{"line":19,"column":21},"end":{"line":19,"column":80}}]},"3":{"loc":{"start":{"line":24,"column":6},"end":{"line":26,"column":12}},"type":"cond-expr","locations":[{"start":{"line":25,"column":10},"end":{"line":25,"column":76}},{"start":{"line":26,"column":10},"end":{"line":26,"column":12}}]},"4":{"loc":{"start":{"line":29,"column":4},"end":{"line":31,"column":5}},"type":"if","locations":[{"start":{"line":29,"column":4},"end":{"line":31,"column":5}}]}},"s":{"0":1,"1":1,"2":1,"3":1,"4":1,"5":0,"6":0,"7":0,"8":0,"9":0,"10":0,"11":0,"12":0,"13":0,"14":0,"15":0,"16":0,"17":0,"18":0,"19":0,"20":1,"21":1},"f":{"0":0},"b":{"0":[0],"1":[0],"2":[0,0],"3":[0,0],"4":[0]}},"/home/runner/work/backend-node-service/backend-node-service/src/packages/event-sdk/event-sdk.module.ts":{"path":"/home/runner/work/backend-node-service/backend-node-service/src/packages/event-sdk/event-sdk.module.ts","statementMap":{"0":{"start":{"line":1,"column":0},"end":{"line":1,"column":55}},"1":{"start":{"line":2,"column":0},"end":{"line":2,"column":47}},"2":{"start":{"line":3,"column":0},"end":{"line":3,"column":null}},"3":{"start":{"line":9,"column":0},"end":{"line":9,"column":61}},"4":{"start":{"line":10,"column":0},"end":{"line":10,"column":61}},"5":{"start":{"line":11,"column":0},"end":{"line":11,"column":64}},"6":{"start":{"line":12,"column":0},"end":{"line":12,"column":61}},"7":{"start":{"line":13,"column":0},"end":{"line":13,"column":61}},"8":{"start":{"line":16,"column":27},"end":{"line":52,"column":null}},"9":{"start":{"line":21,"column":21},"end":{"line":21,"column":48}},"10":{"start":{"line":22,"column":4},"end":{"line":33,"column":6}},"11":{"start":{"line":40,"column":4},"end":{"line":50,"column":6}},"12":{"start":{"line":16,"column":13},"end":{"line":16,"column":27}},"13":{"start":{"line":16,"column":13},"end":{"line":52,"column":null}}},"fnMap":{"0":{"name":"(anonymous_1)","decl":{"start":{"line":17,"column":2},"end":{"line":17,"column":8}},"loc":{"start":{"line":19,"column":52},"end":{"line":34,"column":3}}},"1":{"name":"(anonymous_2)","decl":{"start":{"line":36,"column":2},"end":{"line":36,"column":8}},"loc":{"start":{"line":38,"column":52},"end":{"line":51,"column":3}}}},"branchMap":{"0":{"loc":{"start":{"line":19,"column":4},"end":{"line":19,"column":52}},"type":"default-arg","locations":[{"start":{"line":19,"column":50},"end":{"line":19,"column":52}}]},"1":{"loc":{"start":{"line":19,"column":6},"end":{"line":19,"column":21}},"type":"default-arg","locations":[{"start":{"line":19,"column":17},"end":{"line":19,"column":21}}]},"2":{"loc":{"start":{"line":38,"column":4},"end":{"line":38,"column":52}},"type":"default-arg","locations":[{"start":{"line":38,"column":50},"end":{"line":38,"column":52}}]},"3":{"loc":{"start":{"line":38,"column":6},"end":{"line":38,"column":21}},"type":"default-arg","locations":[{"start":{"line":38,"column":17},"end":{"line":38,"column":21}}]}},"s":{"0":1,"1":1,"2":1,"3":1,"4":1,"5":1,"6":1,"7":1,"8":1,"9":0,"10":0,"11":0,"12":1,"13":1},"f":{"0":0,"1":0},"b":{"0":[0],"1":[0],"2":[0],"3":[0]}},"/home/runner/work/backend-node-service/backend-node-service/src/packages/event-sdk/kafkajs/kafkajs.consumer.ts":{"path":"/home/runner/work/backend-node-service/backend-node-service/src/packages/event-sdk/kafkajs/kafkajs.consumer.ts","statementMap":{"0":{"start":{"line":1,"column":0},"end":{"line":1,"column":57}},"1":{"start":{"line":2,"column":0},"end":{"line":2,"column":83}},"2":{"start":{"line":3,"column":0},"end":{"line":3,"column":89}},"3":{"start":{"line":4,"column":0},"end":{"line":4,"column":59}},"4":{"start":{"line":5,"column":0},"end":{"line":5,"column":59}},"5":{"start":{"line":6,"column":0},"end":{"line":6,"column":61}},"6":{"start":{"line":8,"column":0},"end":{"line":8,"column":59}},"7":{"start":{"line":12,"column":28},"end":{"line":110,"column":null}},"8":{"start":{"line":24,"column":4},"end":{"line":24,"column":69}},"9":{"start":{"line":17,"column":48},"end":{"line":17,"column":73}},"10":{"start":{"line":18,"column":54},"end":{"line":18,"column":64}},"11":{"start":{"line":20,"column":23},"end":{"line":20,"column":41}},"12":{"start":{"line":21,"column":23},"end":{"line":21,"column":40}},"13":{"start":{"line":22,"column":23},"end":{"line":22,"column":47}},"14":{"start":{"line":26,"column":4},"end":{"line":26,"column":39}},"15":{"start":{"line":28,"column":4},"end":{"line":37,"column":5}},"16":{"start":{"line":29,"column":6},"end":{"line":36,"column":9}},"17":{"start":{"line":41,"column":4},"end":{"line":54,"column":5}},"18":{"start":{"line":42,"column":6},"end":{"line":42,"column":36}},"19":{"start":{"line":44,"column":6},"end":{"line":44,"column":32}},"20":{"start":{"line":46,"column":21},"end":{"line":46,"column":58}},"21":{"start":{"line":47,"column":6},"end":{"line":47,"column":56}},"22":{"start":{"line":48,"column":6},"end":{"line":53,"column":9}},"23":{"start":{"line":51,"column":10},"end":{"line":51,"column":44}},"24":{"start":{"line":58,"column":4},"end":{"line":60,"column":5}},"25":{"start":{"line":59,"column":6},"end":{"line":59,"column":39}},"26":{"start":{"line":69,"column":4},"end":{"line":100,"column":5}},"27":{"start":{"line":70,"column":27},"end":{"line":70,"column":62}},"28":{"start":{"line":71,"column":6},"end":{"line":99,"column":7}},"29":{"start":{"line":72,"column":40},"end":{"line":72,"column":57}},"30":{"start":{"line":73,"column":8},"end":{"line":98,"column":9}},"31":{"start":{"line":74,"column":26},"end":{"line":74,"column":92}},"32":{"start":{"line":75,"column":44},"end":{"line":82,"column":12}},"33":{"start":{"line":84,"column":26},"end":{"line":84,"column":62}},"34":{"start":{"line":86,"column":10},"end":{"line":97,"column":12}},"35":{"start":{"line":89,"column":14},"end":{"line":89,"column":46}},"36":{"start":{"line":104,"column":4},"end":{"line":108,"column":5}},"37":{"start":{"line":105,"column":6},"end":{"line":107,"column":9}},"38":{"start":{"line":12,"column":13},"end":{"line":12,"column":28}},"39":{"start":{"line":12,"column":13},"end":{"line":110,"column":null}}},"fnMap":{"0":{"name":"(anonymous_4)","decl":{"start":{"line":16,"column":2},"end":{"line":16,"column":null}},"loc":{"start":{"line":22,"column":69},"end":{"line":38,"column":3}}},"1":{"name":"(anonymous_5)","decl":{"start":{"line":40,"column":2},"end":{"line":40,"column":7}},"loc":{"start":{"line":40,"column":20},"end":{"line":55,"column":3}}},"2":{"name":"(anonymous_6)","decl":{"start":{"line":50,"column":21},"end":{"line":50,"column":26}},"loc":{"start":{"line":50,"column":39},"end":{"line":52,"column":9}}},"3":{"name":"(anonymous_7)","decl":{"start":{"line":57,"column":2},"end":{"line":57,"column":7}},"loc":{"start":{"line":57,"column":23},"end":{"line":61,"column":3}}},"4":{"name":"(anonymous_8)","decl":{"start":{"line":63,"column":10},"end":{"line":63,"column":15}},"loc":{"start":{"line":68,"column":31},"end":{"line":101,"column":3}}},"5":{"name":"(anonymous_9)","decl":{"start":{"line":88,"column":12},"end":{"line":88,"column":17}},"loc":{"start":{"line":88,"column":23},"end":{"line":90,"column":13}}},"6":{"name":"(anonymous_10)","decl":{"start":{"line":103,"column":12},"end":{"line":103,"column":17}},"loc":{"start":{"line":103,"column":69},"end":{"line":109,"column":3}}}},"branchMap":{"0":{"loc":{"start":{"line":28,"column":4},"end":{"line":37,"column":5}},"type":"if","locations":[{"start":{"line":28,"column":4},"end":{"line":37,"column":5}}]},"1":{"loc":{"start":{"line":32,"column":14},"end":{"line":34,"column":12}},"type":"binary-expr","locations":[{"start":{"line":32,"column":14},"end":{"line":32,"column":40}},{"start":{"line":32,"column":44},"end":{"line":34,"column":12}}]},"2":{"loc":{"start":{"line":41,"column":4},"end":{"line":54,"column":5}},"type":"if","locations":[{"start":{"line":41,"column":4},"end":{"line":54,"column":5}}]},"3":{"loc":{"start":{"line":58,"column":4},"end":{"line":60,"column":5}},"type":"if","locations":[{"start":{"line":58,"column":4},"end":{"line":60,"column":5}}]},"4":{"loc":{"start":{"line":69,"column":4},"end":{"line":100,"column":5}},"type":"if","locations":[{"start":{"line":69,"column":4},"end":{"line":100,"column":5}}]},"5":{"loc":{"start":{"line":70,"column":27},"end":{"line":70,"column":62}},"type":"binary-expr","locations":[{"start":{"line":70,"column":27},"end":{"line":70,"column":56}},{"start":{"line":70,"column":60},"end":{"line":70,"column":62}}]},"6":{"loc":{"start":{"line":73,"column":8},"end":{"line":98,"column":9}},"type":"if","locations":[{"start":{"line":73,"column":8},"end":{"line":98,"column":9}}]},"7":{"loc":{"start":{"line":73,"column":12},"end":{"line":73,"column":33}},"type":"binary-expr","locations":[{"start":{"line":73,"column":12},"end":{"line":73,"column":20}},{"start":{"line":73,"column":24},"end":{"line":73,"column":33}}]},"8":{"loc":{"start":{"line":74,"column":26},"end":{"line":74,"column":92}},"type":"cond-expr","locations":[{"start":{"line":74,"column":42},"end":{"line":74,"column":85}},{"start":{"line":74,"column":88},"end":{"line":74,"column":92}}]},"9":{"loc":{"start":{"line":78,"column":17},"end":{"line":78,"column":79}},"type":"cond-expr","locations":[{"start":{"line":78,"column":31},"end":{"line":78,"column":72}},{"start":{"line":78,"column":75},"end":{"line":78,"column":79}}]},"10":{"loc":{"start":{"line":92,"column":23},"end":{"line":92,"column":65}},"type":"binary-expr","locations":[{"start":{"line":92,"column":23},"end":{"line":92,"column":60}},{"start":{"line":92,"column":64},"end":{"line":92,"column":65}}]},"11":{"loc":{"start":{"line":93,"column":31},"end":{"line":93,"column":84}},"type":"binary-expr","locations":[{"start":{"line":93,"column":31},"end":{"line":93,"column":77}},{"start":{"line":93,"column":81},"end":{"line":93,"column":84}}]},"12":{"loc":{"start":{"line":94,"column":23},"end":{"line":94,"column":75}},"type":"binary-expr","locations":[{"start":{"line":94,"column":23},"end":{"line":94,"column":65}},{"start":{"line":94,"column":69},"end":{"line":94,"column":75}}]},"13":{"loc":{"start":{"line":104,"column":4},"end":{"line":108,"column":5}},"type":"if","locations":[{"start":{"line":104,"column":4},"end":{"line":108,"column":5}}]}},"s":{"0":1,"1":1,"2":1,"3":1,"4":1,"5":1,"6":1,"7":1,"8":0,"9":0,"10":0,"11":0,"12":0,"13":0,"14":0,"15":0,"16":0,"17":0,"18":0,"19":0,"20":0,"21":0,"22":0,"23":0,"24":0,"25":0,"26":0,"27":0,"28":0,"29":0,"30":0,"31":0,"32":0,"33":0,"34":0,"35":0,"36":0,"37":0,"38":1,"39":1},"f":{"0":0,"1":0,"2":0,"3":0,"4":0,"5":0,"6":0},"b":{"0":[0],"1":[0,0],"2":[0],"3":[0],"4":[0],"5":[0,0],"6":[0],"7":[0,0],"8":[0,0],"9":[0,0],"10":[0,0],"11":[0,0],"12":[0,0],"13":[0]}},"/home/runner/work/backend-node-service/backend-node-service/src/packages/event-sdk/shared/shared.utils.ts":{"path":"/home/runner/work/backend-node-service/backend-node-service/src/packages/event-sdk/shared/shared.utils.ts","statementMap":{"0":{"start":{"line":1,"column":0},"end":{"line":1,"column":16}},"1":{"start":{"line":2,"column":2},"end":{"line":6,"column":3}},"2":{"start":{"line":3,"column":4},"end":{"line":3,"column":27}},"3":{"start":{"line":5,"column":4},"end":{"line":5,"column":15}}},"fnMap":{"0":{"name":"parseStringToJson","decl":{"start":{"line":1,"column":16},"end":{"line":1,"column":33}},"loc":{"start":{"line":1,"column":73},"end":{"line":7,"column":1}}}},"branchMap":{},"s":{"0":1,"1":0,"2":0,"3":0},"f":{"0":0},"b":{}},"/home/runner/work/backend-node-service/backend-node-service/src/packages/event-sdk/kafkajs/kafkajs.provider.ts":{"path":"/home/runner/work/backend-node-service/backend-node-service/src/packages/event-sdk/kafkajs/kafkajs.provider.ts","statementMap":{"0":{"start":{"line":6,"column":0},"end":{"line":6,"column":16}},"1":{"start":{"line":1,"column":0},"end":{"line":1,"column":57}},"2":{"start":{"line":4,"column":13},"end":{"line":4,"column":65}},"3":{"start":{"line":7,"column":2},"end":{"line":14,"column":4}},"4":{"start":{"line":10,"column":6},"end":{"line":12,"column":9}}},"fnMap":{"0":{"name":"getKafkaJsProvider","decl":{"start":{"line":6,"column":16},"end":{"line":6,"column":34}},"loc":{"start":{"line":6,"column":60},"end":{"line":15,"column":1}}},"1":{"name":"(anonymous_1)","decl":{"start":{"line":9,"column":16},"end":{"line":9,"column":21}},"loc":{"start":{"line":9,"column":27},"end":{"line":13,"column":5}}}},"branchMap":{},"s":{"0":1,"1":1,"2":1,"3":0,"4":0},"f":{"0":0,"1":0},"b":{}},"/home/runner/work/backend-node-service/backend-node-service/src/packages/event-sdk/shared/shared.consumer.ts":{"path":"/home/runner/work/backend-node-service/backend-node-service/src/packages/event-sdk/shared/shared.consumer.ts","statementMap":{"0":{"start":{"line":1,"column":0},"end":{"line":1,"column":44}},"1":{"start":{"line":2,"column":0},"end":{"line":2,"column":89}},"2":{"start":{"line":3,"column":0},"end":{"line":3,"column":41}},"3":{"start":{"line":4,"column":0},"end":{"line":4,"column":null}},"4":{"start":{"line":12,"column":7},"end":{"line":113,"column":null}},"5":{"start":{"line":13,"column":37},"end":{"line":13,"column":null}},"6":{"start":{"line":24,"column":23},"end":{"line":24,"column":41}},"7":{"start":{"line":25,"column":23},"end":{"line":25,"column":40}},"8":{"start":{"line":26,"column":23},"end":{"line":26,"column":47}},"9":{"start":{"line":30,"column":20},"end":{"line":30,"column":50}},"10":{"start":{"line":31,"column":4},"end":{"line":51,"column":5}},"11":{"start":{"line":32,"column":6},"end":{"line":50,"column":9}},"12":{"start":{"line":33,"column":29},"end":{"line":33,"column":39}},"13":{"start":{"line":34,"column":34},"end":{"line":34,"column":65}},"14":{"start":{"line":35,"column":27},"end":{"line":35,"column":84}},"15":{"start":{"line":37,"column":8},"end":{"line":49,"column":9}},"16":{"start":{"line":38,"column":33},"end":{"line":38,"column":61}},"17":{"start":{"line":40,"column":24},"end":{"line":40,"column":65}},"18":{"start":{"line":41,"column":10},"end":{"line":48,"column":11}},"19":{"start":{"line":42,"column":33},"end":{"line":42,"column":68}},"20":{"start":{"line":43,"column":12},"end":{"line":46,"column":14}},"21":{"start":{"line":47,"column":12},"end":{"line":47,"column":56}},"22":{"start":{"line":55,"column":4},"end":{"line":55,"column":70}},"23":{"start":{"line":59,"column":4},"end":{"line":69,"column":6}},"24":{"start":{"line":77,"column":19},"end":{"line":77,"column":20}},"25":{"start":{"line":78,"column":22},"end":{"line":78,"column":32}},"26":{"start":{"line":80,"column":4},"end":{"line":109,"column":5}},"27":{"start":{"line":81,"column":22},"end":{"line":81,"column":44}},"28":{"start":{"line":82,"column":6},"end":{"line":86,"column":7}},"29":{"start":{"line":83,"column":8},"end":{"line":83,"column":95}},"30":{"start":{"line":84,"column":8},"end":{"line":84,"column":62}},"31":{"start":{"line":85,"column":8},"end":{"line":85,"column":14}},"32":{"start":{"line":88,"column":6},"end":{"line":108,"column":7}},"33":{"start":{"line":89,"column":8},"end":{"line":89,"column":24}},"34":{"start":{"line":90,"column":8},"end":{"line":90,"column":14}},"35":{"start":{"line":92,"column":8},"end":{"line":92,"column":19}},"36":{"start":{"line":93,"column":8},"end":{"line":107,"column":9}},"37":{"start":{"line":94,"column":10},"end":{"line":94,"column":83}},"38":{"start":{"line":95,"column":10},"end":{"line":95,"column":64}},"39":{"start":{"line":96,"column":10},"end":{"line":96,"column":16}},"40":{"start":{"line":97,"column":15},"end":{"line":107,"column":9}},"41":{"start":{"line":98,"column":10},"end":{"line":98,"column":78}},"42":{"start":{"line":99,"column":10},"end":{"line":99,"column":64}},"43":{"start":{"line":100,"column":10},"end":{"line":100,"column":16}},"44":{"start":{"line":102,"column":10},"end":{"line":105,"column":12}},"45":{"start":{"line":106,"column":10},"end":{"line":106,"column":39}},"46":{"start":{"line":12,"column":22},"end":{"line":12,"column":36}},"47":{"start":{"line":12,"column":22},"end":{"line":113,"column":null}}},"fnMap":{"0":{"name":"(anonymous_2)","decl":{"start":{"line":23,"column":2},"end":{"line":23,"column":null}},"loc":{"start":{"line":26,"column":69},"end":{"line":27,"column":6}}},"1":{"name":"(anonymous_3)","decl":{"start":{"line":29,"column":12},"end":{"line":29,"column":30}},"loc":{"start":{"line":29,"column":30},"end":{"line":52,"column":3}}},"2":{"name":"(anonymous_4)","decl":{"start":{"line":32,"column":37},"end":{"line":32,"column":38}},"loc":{"start":{"line":32,"column":52},"end":{"line":50,"column":7}}},"3":{"name":"(anonymous_5)","decl":{"start":{"line":54,"column":10},"end":{"line":54,"column":30}},"loc":{"start":{"line":54,"column":64},"end":{"line":56,"column":3}}},"4":{"name":"(anonymous_6)","decl":{"start":{"line":58,"column":12},"end":{"line":58,"column":22}},"loc":{"start":{"line":58,"column":91},"end":{"line":70,"column":3}}},"5":{"name":"(anonymous_7)","decl":{"start":{"line":72,"column":12},"end":{"line":72,"column":17}},"loc":{"start":{"line":75,"column":75},"end":{"line":110,"column":3}}}},"branchMap":{"0":{"loc":{"start":{"line":41,"column":10},"end":{"line":48,"column":11}},"type":"if","locations":[{"start":{"line":41,"column":10},"end":{"line":48,"column":11}}]},"1":{"loc":{"start":{"line":42,"column":33},"end":{"line":42,"column":68}},"type":"binary-expr","locations":[{"start":{"line":42,"column":33},"end":{"line":42,"column":62}},{"start":{"line":42,"column":66},"end":{"line":42,"column":68}}]},"2":{"loc":{"start":{"line":82,"column":6},"end":{"line":86,"column":7}},"type":"if","locations":[{"start":{"line":82,"column":6},"end":{"line":86,"column":7}}]},"3":{"loc":{"start":{"line":93,"column":8},"end":{"line":107,"column":9}},"type":"if","locations":[{"start":{"line":93,"column":8},"end":{"line":107,"column":9}},{"start":{"line":97,"column":15},"end":{"line":107,"column":9}}]},"4":{"loc":{"start":{"line":93,"column":12},"end":{"line":93,"column":80}},"type":"binary-expr","locations":[{"start":{"line":93,"column":12},"end":{"line":93,"column":21}},{"start":{"line":93,"column":26},"end":{"line":93,"column":34}},{"start":{"line":93,"column":38},"end":{"line":93,"column":79}}]},"5":{"loc":{"start":{"line":97,"column":15},"end":{"line":107,"column":9}},"type":"if","locations":[{"start":{"line":97,"column":15},"end":{"line":107,"column":9}},{"start":{"line":101,"column":15},"end":{"line":107,"column":9}}]}},"s":{"0":1,"1":1,"2":1,"3":1,"4":1,"5":0,"6":0,"7":0,"8":0,"9":0,"10":0,"11":0,"12":0,"13":0,"14":0,"15":0,"16":0,"17":0,"18":0,"19":0,"20":0,"21":0,"22":0,"23":0,"24":0,"25":0,"26":0,"27":0,"28":0,"29":0,"30":0,"31":0,"32":0,"33":0,"34":0,"35":0,"36":0,"37":0,"38":0,"39":0,"40":0,"41":0,"42":0,"43":0,"44":0,"45":0,"46":1,"47":1},"f":{"0":0,"1":0,"2":0,"3":0,"4":0,"5":0},"b":{"0":[0],"1":[0,0],"2":[0],"3":[0,0],"4":[0,0,0],"5":[0,0]}},"/home/runner/work/backend-node-service/backend-node-service/src/shared/utils.ts":{"path":"/home/runner/work/backend-node-service/backend-node-service/src/shared/utils.ts","statementMap":{"0":{"start":{"line":4,"column":0},"end":{"line":4,"column":16}},"1":{"start":{"line":10,"column":0},"end":{"line":10,"column":7}},"2":{"start":{"line":1,"column":0},"end":{"line":1,"column":38}},"3":{"start":{"line":2,"column":0},"end":{"line":2,"column":24}},"4":{"start":{"line":5,"column":2},"end":{"line":6,"column":67}},"5":{"start":{"line":6,"column":4},"end":{"line":6,"column":67}},"6":{"start":{"line":7,"column":2},"end":{"line":7,"column":57}},"7":{"start":{"line":11,"column":2},"end":{"line":17,"column":7}},"8":{"start":{"line":12,"column":4},"end":{"line":17,"column":7}},"9":{"start":{"line":13,"column":24},"end":{"line":16,"column":12}},"10":{"start":{"line":14,"column":8},"end":{"line":14,"column":32}},"11":{"start":{"line":15,"column":8},"end":{"line":15,"column":18}}},"fnMap":{"0":{"name":"getServerHostName","decl":{"start":{"line":4,"column":16},"end":{"line":4,"column":33}},"loc":{"start":{"line":4,"column":57},"end":{"line":8,"column":1}}},"1":{"name":"sleep","decl":{"start":{"line":10,"column":22},"end":{"line":10,"column":27}},"loc":{"start":{"line":10,"column":38},"end":{"line":18,"column":1}}},"2":{"name":"(anonymous_2)","decl":{"start":{"line":12,"column":28},"end":{"line":12,"column":29}},"loc":{"start":{"line":12,"column":40},"end":{"line":17,"column":5}}},"3":{"name":"(anonymous_3)","decl":{"start":{"line":13,"column":35},"end":{"line":13,"column":38}},"loc":{"start":{"line":13,"column":40},"end":{"line":16,"column":7}}}},"branchMap":{"0":{"loc":{"start":{"line":4,"column":34},"end":{"line":4,"column":57}},"type":"default-arg","locations":[{"start":{"line":4,"column":41},"end":{"line":4,"column":57}}]},"1":{"loc":{"start":{"line":5,"column":2},"end":{"line":6,"column":67}},"type":"if","locations":[{"start":{"line":5,"column":2},"end":{"line":6,"column":67}}]},"2":{"loc":{"start":{"line":11,"column":2},"end":{"line":17,"column":7}},"type":"if","locations":[{"start":{"line":11,"column":2},"end":{"line":17,"column":7}}]}},"s":{"0":1,"1":1,"2":1,"3":1,"4":0,"5":0,"6":0,"7":0,"8":0,"9":0,"10":0,"11":0},"f":{"0":0,"1":0,"2":0,"3":0},"b":{"0":[0],"1":[0],"2":[0]}},"/home/runner/work/backend-node-service/backend-node-service/src/shared/const.ts":{"path":"/home/runner/work/backend-node-service/backend-node-service/src/shared/const.ts","statementMap":{"0":{"start":{"line":1,"column":20},"end":{"line":1,"column":49}},"1":{"start":{"line":3,"column":13},"end":{"line":3,"column":54}},"2":{"start":{"line":5,"column":13},"end":{"line":5,"column":43}},"3":{"start":{"line":7,"column":13},"end":{"line":7,"column":51}},"4":{"start":{"line":8,"column":13},"end":{"line":8,"column":45}}},"fnMap":{},"branchMap":{},"s":{"0":1,"1":1,"2":1,"3":1,"4":1},"f":{},"b":{}},"/home/runner/work/backend-node-service/backend-node-service/src/shared/env.ts":{"path":"/home/runner/work/backend-node-service/backend-node-service/src/shared/env.ts","statementMap":{"0":{"start":{"line":1,"column":0},"end":{"line":1,"column":72}},"1":{"start":{"line":3,"column":0},"end":{"line":3,"column":33}},"2":{"start":{"line":5,"column":12},"end":{"line":86,"column":2}},"3":{"start":{"line":88,"column":0},"end":{"line":88,"column":19}}},"fnMap":{},"branchMap":{"0":{"loc":{"start":{"line":10,"column":10},"end":{"line":10,"column":64}},"type":"binary-expr","locations":[{"start":{"line":10,"column":10},"end":{"line":10,"column":26}},{"start":{"line":10,"column":30},"end":{"line":10,"column":64}}]},"1":{"loc":{"start":{"line":23,"column":13},"end":{"line":23,"column":62}},"type":"binary-expr","locations":[{"start":{"line":23,"column":13},"end":{"line":23,"column":56}},{"start":{"line":23,"column":60},"end":{"line":23,"column":62}}]}},"s":{"0":1,"1":1,"2":1,"3":1},"f":{},"b":{"0":[1,1],"1":[1,0]}},"/home/runner/work/backend-node-service/backend-node-service/src/packages/event-sdk/kafkajs/kafkajs.producer.ts":{"path":"/home/runner/work/backend-node-service/backend-node-service/src/packages/event-sdk/kafkajs/kafkajs.producer.ts","statementMap":{"0":{"start":{"line":1,"column":0},"end":{"line":1,"column":57}},"1":{"start":{"line":2,"column":0},"end":{"line":2,"column":83}},"2":{"start":{"line":3,"column":0},"end":{"line":3,"column":59}},"3":{"start":{"line":5,"column":0},"end":{"line":5,"column":61}},"4":{"start":{"line":9,"column":28},"end":{"line":50,"column":null}},"5":{"start":{"line":13,"column":48},"end":{"line":13,"column":73}},"6":{"start":{"line":14,"column":54},"end":{"line":14,"column":64}},"7":{"start":{"line":16,"column":4},"end":{"line":27,"column":6}},"8":{"start":{"line":31,"column":4},"end":{"line":31,"column":34}},"9":{"start":{"line":35,"column":4},"end":{"line":35,"column":37}},"10":{"start":{"line":39,"column":4},"end":{"line":48,"column":7}},"11":{"start":{"line":9,"column":13},"end":{"line":9,"column":28}},"12":{"start":{"line":9,"column":13},"end":{"line":50,"column":null}}},"fnMap":{"0":{"name":"(anonymous_4)","decl":{"start":{"line":12,"column":2},"end":{"line":12,"column":null}},"loc":{"start":{"line":14,"column":77},"end":{"line":28,"column":3}}},"1":{"name":"(anonymous_5)","decl":{"start":{"line":30,"column":2},"end":{"line":30,"column":7}},"loc":{"start":{"line":30,"column":20},"end":{"line":32,"column":3}}},"2":{"name":"(anonymous_6)","decl":{"start":{"line":34,"column":2},"end":{"line":34,"column":7}},"loc":{"start":{"line":34,"column":23},"end":{"line":36,"column":3}}},"3":{"name":"(anonymous_7)","decl":{"start":{"line":38,"column":2},"end":{"line":38,"column":7}},"loc":{"start":{"line":38,"column":46},"end":{"line":49,"column":3}}}},"branchMap":{"0":{"loc":{"start":{"line":17,"column":6},"end":{"line":26,"column":19}},"type":"cond-expr","locations":[{"start":{"line":18,"column":10},"end":{"line":25,"column":null}},{"start":{"line":26,"column":10},"end":{"line":26,"column":19}}]},"1":{"loc":{"start":{"line":21,"column":18},"end":{"line":23,"column":16}},"type":"binary-expr","locations":[{"start":{"line":21,"column":18},"end":{"line":21,"column":44}},{"start":{"line":21,"column":48},"end":{"line":23,"column":16}}]}},"s":{"0":1,"1":1,"2":1,"3":1,"4":1,"5":0,"6":0,"7":0,"8":0,"9":0,"10":0,"11":1,"12":1},"f":{"0":0,"1":0,"2":0,"3":0},"b":{"0":[0,0],"1":[0,0]}},"/home/runner/work/backend-node-service/backend-node-service/src/packages/event-sdk/rdkafka/rdkafka.consumer.ts":{"path":"/home/runner/work/backend-node-service/backend-node-service/src/packages/event-sdk/rdkafka/rdkafka.consumer.ts","statementMap":{"0":{"start":{"line":1,"column":0},"end":{"line":1,"column":57}},"1":{"start":{"line":2,"column":0},"end":{"line":2,"column":83}},"2":{"start":{"line":3,"column":0},"end":{"line":3,"column":89}},"3":{"start":{"line":4,"column":0},"end":{"line":4,"column":59}},"4":{"start":{"line":5,"column":0},"end":{"line":5,"column":59}},"5":{"start":{"line":8,"column":0},"end":{"line":8,"column":59}},"6":{"start":{"line":11,"column":28},"end":{"line":112,"column":null}},"7":{"start":{"line":21,"column":4},"end":{"line":21,"column":69}},"8":{"start":{"line":16,"column":48},"end":{"line":16,"column":73}},"9":{"start":{"line":17,"column":23},"end":{"line":17,"column":41}},"10":{"start":{"line":18,"column":23},"end":{"line":18,"column":40}},"11":{"start":{"line":19,"column":23},"end":{"line":19,"column":47}},"12":{"start":{"line":23,"column":4},"end":{"line":26,"column":6}},"13":{"start":{"line":28,"column":4},"end":{"line":47,"column":5}},"14":{"start":{"line":29,"column":6},"end":{"line":32,"column":8}},"15":{"start":{"line":34,"column":6},"end":{"line":36,"column":9}},"16":{"start":{"line":35,"column":8},"end":{"line":35,"column":56}},"17":{"start":{"line":37,"column":6},"end":{"line":39,"column":9}},"18":{"start":{"line":38,"column":8},"end":{"line":38,"column":41}},"19":{"start":{"line":40,"column":6},"end":{"line":43,"column":9}},"20":{"start":{"line":41,"column":8},"end":{"line":41,"column":56}},"21":{"start":{"line":42,"column":8},"end":{"line":42,"column":36}},"22":{"start":{"line":44,"column":6},"end":{"line":46,"column":9}},"23":{"start":{"line":45,"column":8},"end":{"line":45,"column":36}},"24":{"start":{"line":51,"column":4},"end":{"line":53,"column":5}},"25":{"start":{"line":52,"column":6},"end":{"line":52,"column":30}},"26":{"start":{"line":57,"column":4},"end":{"line":59,"column":5}},"27":{"start":{"line":58,"column":6},"end":{"line":58,"column":33}},"28":{"start":{"line":63,"column":4},"end":{"line":69,"column":5}},"29":{"start":{"line":64,"column":6},"end":{"line":64,"column":32}},"30":{"start":{"line":66,"column":21},"end":{"line":66,"column":58}},"31":{"start":{"line":67,"column":6},"end":{"line":67,"column":38}},"32":{"start":{"line":68,"column":6},"end":{"line":68,"column":30}},"33":{"start":{"line":73,"column":25},"end":{"line":73,"column":60}},"34":{"start":{"line":74,"column":4},"end":{"line":104,"column":5}},"35":{"start":{"line":75,"column":38},"end":{"line":75,"column":63}},"36":{"start":{"line":76,"column":6},"end":{"line":103,"column":7}},"37":{"start":{"line":77,"column":24},"end":{"line":77,"column":74}},"38":{"start":{"line":78,"column":42},"end":{"line":84,"column":10}},"39":{"start":{"line":86,"column":24},"end":{"line":86,"column":60}},"40":{"start":{"line":88,"column":8},"end":{"line":102,"column":10}},"41":{"start":{"line":91,"column":12},"end":{"line":91,"column":44}},"42":{"start":{"line":108,"column":4},"end":{"line":110,"column":5}},"43":{"start":{"line":109,"column":6},"end":{"line":109,"column":82}},"44":{"start":{"line":11,"column":13},"end":{"line":11,"column":28}},"45":{"start":{"line":11,"column":13},"end":{"line":112,"column":null}}},"fnMap":{"0":{"name":"(anonymous_4)","decl":{"start":{"line":15,"column":2},"end":{"line":15,"column":null}},"loc":{"start":{"line":19,"column":69},"end":{"line":48,"column":3}}},"1":{"name":"(anonymous_5)","decl":{"start":{"line":34,"column":36},"end":{"line":34,"column":37}},"loc":{"start":{"line":34,"column":44},"end":{"line":36,"column":7}}},"2":{"name":"(anonymous_6)","decl":{"start":{"line":37,"column":38},"end":{"line":37,"column":39}},"loc":{"start":{"line":37,"column":46},"end":{"line":39,"column":7}}},"3":{"name":"(anonymous_7)","decl":{"start":{"line":40,"column":32},"end":{"line":40,"column":35}},"loc":{"start":{"line":40,"column":37},"end":{"line":43,"column":7}}},"4":{"name":"(anonymous_8)","decl":{"start":{"line":44,"column":31},"end":{"line":44,"column":32}},"loc":{"start":{"line":44,"column":43},"end":{"line":46,"column":7}}},"5":{"name":"(anonymous_9)","decl":{"start":{"line":50,"column":2},"end":{"line":50,"column":14}},"loc":{"start":{"line":50,"column":14},"end":{"line":54,"column":3}}},"6":{"name":"(anonymous_10)","decl":{"start":{"line":56,"column":2},"end":{"line":56,"column":17}},"loc":{"start":{"line":56,"column":17},"end":{"line":60,"column":3}}},"7":{"name":"(anonymous_11)","decl":{"start":{"line":62,"column":10},"end":{"line":62,"column":30}},"loc":{"start":{"line":62,"column":30},"end":{"line":70,"column":3}}},"8":{"name":"(anonymous_12)","decl":{"start":{"line":72,"column":10},"end":{"line":72,"column":15}},"loc":{"start":{"line":72,"column":96},"end":{"line":105,"column":3}}},"9":{"name":"(anonymous_13)","decl":{"start":{"line":90,"column":10},"end":{"line":90,"column":15}},"loc":{"start":{"line":90,"column":21},"end":{"line":92,"column":11}}},"10":{"name":"(anonymous_14)","decl":{"start":{"line":107,"column":12},"end":{"line":107,"column":17}},"loc":{"start":{"line":107,"column":69},"end":{"line":111,"column":3}}}},"branchMap":{"0":{"loc":{"start":{"line":28,"column":4},"end":{"line":47,"column":5}},"type":"if","locations":[{"start":{"line":28,"column":4},"end":{"line":47,"column":5}}]},"1":{"loc":{"start":{"line":51,"column":4},"end":{"line":53,"column":5}},"type":"if","locations":[{"start":{"line":51,"column":4},"end":{"line":53,"column":5}}]},"2":{"loc":{"start":{"line":57,"column":4},"end":{"line":59,"column":5}},"type":"if","locations":[{"start":{"line":57,"column":4},"end":{"line":59,"column":5}}]},"3":{"loc":{"start":{"line":63,"column":4},"end":{"line":69,"column":5}},"type":"if","locations":[{"start":{"line":63,"column":4},"end":{"line":69,"column":5}}]},"4":{"loc":{"start":{"line":73,"column":25},"end":{"line":73,"column":60}},"type":"binary-expr","locations":[{"start":{"line":73,"column":25},"end":{"line":73,"column":54}},{"start":{"line":73,"column":58},"end":{"line":73,"column":60}}]},"5":{"loc":{"start":{"line":76,"column":6},"end":{"line":103,"column":7}},"type":"if","locations":[{"start":{"line":76,"column":6},"end":{"line":103,"column":7}}]},"6":{"loc":{"start":{"line":76,"column":10},"end":{"line":76,"column":31}},"type":"binary-expr","locations":[{"start":{"line":76,"column":10},"end":{"line":76,"column":18}},{"start":{"line":76,"column":22},"end":{"line":76,"column":31}}]},"7":{"loc":{"start":{"line":77,"column":24},"end":{"line":77,"column":74}},"type":"cond-expr","locations":[{"start":{"line":77,"column":32},"end":{"line":77,"column":67}},{"start":{"line":77,"column":70},"end":{"line":77,"column":74}}]},"8":{"loc":{"start":{"line":95,"column":14},"end":{"line":97,"column":15}},"type":"binary-expr","locations":[{"start":{"line":95,"column":14},"end":{"line":95,"column":65}},{"start":{"line":96,"column":14},"end":{"line":96,"column":44}},{"start":{"line":97,"column":14},"end":{"line":97,"column":15}}]},"9":{"loc":{"start":{"line":98,"column":29},"end":{"line":98,"column":76}},"type":"binary-expr","locations":[{"start":{"line":98,"column":29},"end":{"line":98,"column":68}},{"start":{"line":98,"column":72},"end":{"line":98,"column":76}}]},"10":{"loc":{"start":{"line":99,"column":21},"end":{"line":99,"column":78}},"type":"binary-expr","locations":[{"start":{"line":99,"column":21},"end":{"line":99,"column":68}},{"start":{"line":99,"column":72},"end":{"line":99,"column":78}}]},"11":{"loc":{"start":{"line":108,"column":4},"end":{"line":110,"column":5}},"type":"if","locations":[{"start":{"line":108,"column":4},"end":{"line":110,"column":5}}]}},"s":{"0":1,"1":1,"2":1,"3":1,"4":1,"5":1,"6":1,"7":0,"8":0,"9":0,"10":0,"11":0,"12":0,"13":0,"14":0,"15":0,"16":0,"17":0,"18":0,"19":0,"20":0,"21":0,"22":0,"23":0,"24":0,"25":0,"26":0,"27":0,"28":0,"29":0,"30":0,"31":0,"32":0,"33":0,"34":0,"35":0,"36":0,"37":0,"38":0,"39":0,"40":0,"41":0,"42":0,"43":0,"44":1,"45":1},"f":{"0":0,"1":0,"2":0,"3":0,"4":0,"5":0,"6":0,"7":0,"8":0,"9":0,"10":0},"b":{"0":[0],"1":[0],"2":[0],"3":[0],"4":[0,0],"5":[0],"6":[0,0],"7":[0,0],"8":[0,0,0],"9":[0,0],"10":[0,0],"11":[0]}},"/home/runner/work/backend-node-service/backend-node-service/src/packages/event-sdk/rdkafka/rdkafka.producer.ts":{"path":"/home/runner/work/backend-node-service/backend-node-service/src/packages/event-sdk/rdkafka/rdkafka.producer.ts","statementMap":{"0":{"start":{"line":1,"column":0},"end":{"line":1,"column":57}},"1":{"start":{"line":2,"column":0},"end":{"line":2,"column":83}},"2":{"start":{"line":3,"column":0},"end":{"line":3,"column":59}},"3":{"start":{"line":8,"column":28},"end":{"line":53,"column":null}},"4":{"start":{"line":12,"column":58},"end":{"line":12,"column":83}},"5":{"start":{"line":13,"column":4},"end":{"line":16,"column":6}},"6":{"start":{"line":18,"column":4},"end":{"line":21,"column":6}},"7":{"start":{"line":23,"column":4},"end":{"line":25,"column":7}},"8":{"start":{"line":24,"column":6},"end":{"line":24,"column":54}},"9":{"start":{"line":26,"column":4},"end":{"line":28,"column":7}},"10":{"start":{"line":27,"column":6},"end":{"line":27,"column":39}},"11":{"start":{"line":29,"column":4},"end":{"line":31,"column":7}},"12":{"start":{"line":30,"column":6},"end":{"line":30,"column":54}},"13":{"start":{"line":35,"column":4},"end":{"line":35,"column":28}},"14":{"start":{"line":39,"column":4},"end":{"line":39,"column":31}},"15":{"start":{"line":43,"column":4},"end":{"line":51,"column":6}},"16":{"start":{"line":8,"column":13},"end":{"line":8,"column":28}},"17":{"start":{"line":8,"column":13},"end":{"line":53,"column":null}}},"fnMap":{"0":{"name":"(anonymous_4)","decl":{"start":{"line":12,"column":2},"end":{"line":12,"column":15}},"loc":{"start":{"line":12,"column":83},"end":{"line":32,"column":3}}},"1":{"name":"(anonymous_5)","decl":{"start":{"line":23,"column":34},"end":{"line":23,"column":35}},"loc":{"start":{"line":23,"column":42},"end":{"line":25,"column":5}}},"2":{"name":"(anonymous_6)","decl":{"start":{"line":26,"column":36},"end":{"line":26,"column":37}},"loc":{"start":{"line":26,"column":44},"end":{"line":28,"column":5}}},"3":{"name":"(anonymous_7)","decl":{"start":{"line":29,"column":30},"end":{"line":29,"column":33}},"loc":{"start":{"line":29,"column":35},"end":{"line":31,"column":5}}},"4":{"name":"(anonymous_8)","decl":{"start":{"line":34,"column":2},"end":{"line":34,"column":7}},"loc":{"start":{"line":34,"column":20},"end":{"line":36,"column":3}}},"5":{"name":"(anonymous_9)","decl":{"start":{"line":38,"column":2},"end":{"line":38,"column":7}},"loc":{"start":{"line":38,"column":23},"end":{"line":40,"column":3}}},"6":{"name":"(anonymous_10)","decl":{"start":{"line":42,"column":2},"end":{"line":42,"column":7}},"loc":{"start":{"line":42,"column":46},"end":{"line":52,"column":3}}}},"branchMap":{},"s":{"0":1,"1":1,"2":1,"3":1,"4":0,"5":0,"6":0,"7":0,"8":0,"9":0,"10":0,"11":0,"12":0,"13":0,"14":0,"15":0,"16":1,"17":1},"f":{"0":0,"1":0,"2":0,"3":0,"4":0,"5":0,"6":0},"b":{}},"/home/runner/work/backend-node-service/backend-node-service/src/packages/logger/index.ts":{"path":"/home/runner/work/backend-node-service/backend-node-service/src/packages/logger/index.ts","statementMap":{"0":{"start":{"line":2,"column":0},"end":{"line":2,"column":42}},"1":{"start":{"line":3,"column":0},"end":{"line":3,"column":64}},"2":{"start":{"line":5,"column":0},"end":{"line":5,"column":64}},"3":{"start":{"line":12,"column":4},"end":{"line":12,"column":27}},"4":{"start":{"line":13,"column":4},"end":{"line":13,"column":61}},"5":{"start":{"line":17,"column":4},"end":{"line":17,"column":36}},"6":{"start":{"line":20,"column":4},"end":{"line":20,"column":37}},"7":{"start":{"line":23,"column":4},"end":{"line":23,"column":36}},"8":{"start":{"line":26,"column":4},"end":{"line":26,"column":37}},"9":{"start":{"line":29,"column":4},"end":{"line":29,"column":37}},"10":{"start":{"line":33,"column":25},"end":{"line":33,"column":43}},"11":{"start":{"line":34,"column":23},"end":{"line":34,"column":33}},"12":{"start":{"line":35,"column":24},"end":{"line":35,"column":91}},"13":{"start":{"line":36,"column":4},"end":{"line":36,"column":49}},"14":{"start":{"line":38,"column":24},"end":{"line":38,"column":33}},"15":{"start":{"line":39,"column":27},"end":{"line":39,"column":34}},"16":{"start":{"line":40,"column":29},"end":{"line":40,"column":31}},"17":{"start":{"line":42,"column":4},"end":{"line":48,"column":6}},"18":{"start":{"line":43,"column":28},"end":{"line":43,"column":30}},"19":{"start":{"line":44,"column":6},"end":{"line":44,"column":66}},"20":{"start":{"line":44,"column":19},"end":{"line":44,"column":20}},"21":{"start":{"line":44,"column":44},"end":{"line":44,"column":66}},"22":{"start":{"line":45,"column":6},"end":{"line":45,"column":44}},"23":{"start":{"line":46,"column":6},"end":{"line":46,"column":39}},"24":{"start":{"line":47,"column":6},"end":{"line":47,"column":18}},"25":{"start":{"line":50,"column":4},"end":{"line":79,"column":6}},"26":{"start":{"line":51,"column":28},"end":{"line":51,"column":30}},"27":{"start":{"line":52,"column":6},"end":{"line":52,"column":66}},"28":{"start":{"line":52,"column":19},"end":{"line":52,"column":20}},"29":{"start":{"line":52,"column":44},"end":{"line":52,"column":66}},"30":{"start":{"line":53,"column":6},"end":{"line":53,"column":61}},"31":{"start":{"line":53,"column":23},"end":{"line":53,"column":61}},"32":{"start":{"line":54,"column":19},"end":{"line":54,"column":57}},"33":{"start":{"line":55,"column":22},"end":{"line":73,"column":8}},"34":{"start":{"line":74,"column":6},"end":{"line":76,"column":69}},"35":{"start":{"line":75,"column":8},"end":{"line":75,"column":67}},"36":{"start":{"line":76,"column":11},"end":{"line":76,"column":69}},"37":{"start":{"line":77,"column":6},"end":{"line":77,"column":42}},"38":{"start":{"line":78,"column":6},"end":{"line":78,"column":17}},"39":{"start":{"line":83,"column":20},"end":{"line":93,"column":6}},"40":{"start":{"line":94,"column":4},"end":{"line":94,"column":48}},"41":{"start":{"line":98,"column":24},"end":{"line":98,"column":33}},"42":{"start":{"line":99,"column":27},"end":{"line":99,"column":34}},"43":{"start":{"line":100,"column":29},"end":{"line":100,"column":31}},"44":{"start":{"line":102,"column":4},"end":{"line":108,"column":6}},"45":{"start":{"line":103,"column":28},"end":{"line":103,"column":30}},"46":{"start":{"line":104,"column":6},"end":{"line":104,"column":66}},"47":{"start":{"line":104,"column":19},"end":{"line":104,"column":20}},"48":{"start":{"line":104,"column":44},"end":{"line":104,"column":66}},"49":{"start":{"line":105,"column":6},"end":{"line":105,"column":44}},"50":{"start":{"line":106,"column":6},"end":{"line":106,"column":39}},"51":{"start":{"line":107,"column":6},"end":{"line":107,"column":18}},"52":{"start":{"line":110,"column":4},"end":{"line":127,"column":6}},"53":{"start":{"line":111,"column":28},"end":{"line":111,"column":30}},"54":{"start":{"line":112,"column":6},"end":{"line":112,"column":66}},"55":{"start":{"line":112,"column":19},"end":{"line":112,"column":20}},"56":{"start":{"line":112,"column":44},"end":{"line":112,"column":66}},"57":{"start":{"line":113,"column":6},"end":{"line":113,"column":61}},"58":{"start":{"line":113,"column":23},"end":{"line":113,"column":61}},"59":{"start":{"line":114,"column":19},"end":{"line":114,"column":57}},"60":{"start":{"line":115,"column":22},"end":{"line":121,"column":8}},"61":{"start":{"line":122,"column":22},"end":{"line":122,"column":66}},"62":{"start":{"line":123,"column":6},"end":{"line":124,"column":40}},"63":{"start":{"line":123,"column":57},"end":{"line":123,"column":85}},"64":{"start":{"line":124,"column":11},"end":{"line":124,"column":40}},"65":{"start":{"line":125,"column":6},"end":{"line":125,"column":42}},"66":{"start":{"line":126,"column":6},"end":{"line":126,"column":17}},"67":{"start":{"line":131,"column":4},"end":{"line":131,"column":49}},"68":{"start":{"line":135,"column":4},"end":{"line":135,"column":50}},"69":{"start":{"line":139,"column":4},"end":{"line":139,"column":47}},"70":{"start":{"line":7,"column":0},"end":{"line":7,"column":13}}},"fnMap":{"0":{"name":"(anonymous_0)","decl":{"start":{"line":11,"column":2},"end":{"line":11,"column":14}},"loc":{"start":{"line":11,"column":59},"end":{"line":14,"column":3}}},"1":{"name":"(anonymous_1)","decl":{"start":{"line":16,"column":2},"end":{"line":16,"column":6}},"loc":{"start":{"line":16,"column":40},"end":{"line":18,"column":3}}},"2":{"name":"(anonymous_2)","decl":{"start":{"line":19,"column":2},"end":{"line":19,"column":7}},"loc":{"start":{"line":19,"column":41},"end":{"line":21,"column":3}}},"3":{"name":"(anonymous_3)","decl":{"start":{"line":22,"column":2},"end":{"line":22,"column":6}},"loc":{"start":{"line":22,"column":40},"end":{"line":24,"column":3}}},"4":{"name":"(anonymous_4)","decl":{"start":{"line":25,"column":2},"end":{"line":25,"column":7}},"loc":{"start":{"line":25,"column":41},"end":{"line":27,"column":3}}},"5":{"name":"(anonymous_5)","decl":{"start":{"line":28,"column":2},"end":{"line":28,"column":7}},"loc":{"start":{"line":28,"column":41},"end":{"line":30,"column":3}}},"6":{"name":"(anonymous_6)","decl":{"start":{"line":32,"column":2},"end":{"line":32,"column":9}},"loc":{"start":{"line":32,"column":62},"end":{"line":80,"column":3}}},"7":{"name":"(anonymous_7)","decl":{"start":{"line":42,"column":16},"end":{"line":42,"column":17}},"loc":{"start":{"line":42,"column":35},"end":{"line":48,"column":5}}},"8":{"name":"(anonymous_8)","decl":{"start":{"line":50,"column":14},"end":{"line":50,"column":15}},"loc":{"start":{"line":50,"column":33},"end":{"line":79,"column":5}}},"9":{"name":"(anonymous_9)","decl":{"start":{"line":82,"column":2},"end":{"line":82,"column":16}},"loc":{"start":{"line":82,"column":29},"end":{"line":95,"column":3}}},"10":{"name":"(anonymous_10)","decl":{"start":{"line":97,"column":2},"end":{"line":97,"column":17}},"loc":{"start":{"line":97,"column":31},"end":{"line":128,"column":3}}},"11":{"name":"(anonymous_11)","decl":{"start":{"line":102,"column":16},"end":{"line":102,"column":17}},"loc":{"start":{"line":102,"column":35},"end":{"line":108,"column":5}}},"12":{"name":"(anonymous_12)","decl":{"start":{"line":110,"column":14},"end":{"line":110,"column":15}},"loc":{"start":{"line":110,"column":33},"end":{"line":127,"column":5}}},"13":{"name":"(anonymous_13)","decl":{"start":{"line":130,"column":2},"end":{"line":130,"column":17}},"loc":{"start":{"line":130,"column":43},"end":{"line":132,"column":3}}},"14":{"name":"(anonymous_14)","decl":{"start":{"line":134,"column":2},"end":{"line":134,"column":18}},"loc":{"start":{"line":134,"column":44},"end":{"line":136,"column":3}}},"15":{"name":"(anonymous_15)","decl":{"start":{"line":138,"column":2},"end":{"line":138,"column":23}},"loc":{"start":{"line":138,"column":34},"end":{"line":140,"column":3}}}},"branchMap":{"0":{"loc":{"start":{"line":33,"column":25},"end":{"line":33,"column":43}},"type":"binary-expr","locations":[{"start":{"line":33,"column":25},"end":{"line":33,"column":38}},{"start":{"line":33,"column":42},"end":{"line":33,"column":43}}]},"1":{"loc":{"start":{"line":35,"column":41},"end":{"line":35,"column":89}},"type":"cond-expr","locations":[{"start":{"line":35,"column":60},"end":{"line":35,"column":85}},{"start":{"line":35,"column":88},"end":{"line":35,"column":89}}]},"2":{"loc":{"start":{"line":53,"column":6},"end":{"line":53,"column":61}},"type":"if","locations":[{"start":{"line":53,"column":6},"end":{"line":53,"column":61}}]},"3":{"loc":{"start":{"line":62,"column":20},"end":{"line":62,"column":78}},"type":"binary-expr","locations":[{"start":{"line":62,"column":20},"end":{"line":62,"column":50}},{"start":{"line":62,"column":54},"end":{"line":62,"column":78}}]},"4":{"loc":{"start":{"line":74,"column":6},"end":{"line":76,"column":69}},"type":"if","locations":[{"start":{"line":74,"column":6},"end":{"line":76,"column":69}},{"start":{"line":76,"column":11},"end":{"line":76,"column":69}}]},"5":{"loc":{"start":{"line":74,"column":10},"end":{"line":74,"column":55}},"type":"binary-expr","locations":[{"start":{"line":74,"column":10},"end":{"line":74,"column":31}},{"start":{"line":74,"column":35},"end":{"line":74,"column":55}}]},"6":{"loc":{"start":{"line":88,"column":16},"end":{"line":88,"column":74}},"type":"binary-expr","locations":[{"start":{"line":88,"column":16},"end":{"line":88,"column":46}},{"start":{"line":88,"column":50},"end":{"line":88,"column":74}}]},"7":{"loc":{"start":{"line":113,"column":6},"end":{"line":113,"column":61}},"type":"if","locations":[{"start":{"line":113,"column":6},"end":{"line":113,"column":61}}]},"8":{"loc":{"start":{"line":123,"column":6},"end":{"line":124,"column":40}},"type":"if","locations":[{"start":{"line":123,"column":6},"end":{"line":124,"column":40}},{"start":{"line":124,"column":11},"end":{"line":124,"column":40}}]},"9":{"loc":{"start":{"line":123,"column":10},"end":{"line":123,"column":55}},"type":"binary-expr","locations":[{"start":{"line":123,"column":10},"end":{"line":123,"column":31}},{"start":{"line":123,"column":35},"end":{"line":123,"column":55}}]}},"s":{"0":1,"1":1,"2":1,"3":1,"4":1,"5":0,"6":0,"7":0,"8":0,"9":0,"10":0,"11":0,"12":0,"13":0,"14":0,"15":0,"16":0,"17":0,"18":0,"19":0,"20":0,"21":0,"22":0,"23":0,"24":0,"25":0,"26":0,"27":0,"28":0,"29":0,"30":0,"31":0,"32":0,"33":0,"34":0,"35":0,"36":0,"37":0,"38":0,"39":0,"40":0,"41":0,"42":0,"43":0,"44":0,"45":0,"46":0,"47":0,"48":0,"49":0,"50":0,"51":0,"52":0,"53":0,"54":0,"55":0,"56":0,"57":0,"58":0,"59":0,"60":0,"61":0,"62":0,"63":0,"64":0,"65":0,"66":0,"67":0,"68":0,"69":0,"70":1},"f":{"0":1,"1":0,"2":0,"3":0,"4":0,"5":0,"6":0,"7":0,"8":0,"9":0,"10":0,"11":0,"12":0,"13":0,"14":0,"15":0},"b":{"0":[0,0],"1":[0,0],"2":[0],"3":[0,0],"4":[0,0],"5":[0,0],"6":[0,0],"7":[0],"8":[0,0],"9":[0,0]}},"/home/runner/work/backend-node-service/backend-node-service/src/packages/logger/shared/const.ts":{"path":"/home/runner/work/backend-node-service/backend-node-service/src/packages/logger/shared/const.ts","statementMap":{"0":{"start":{"line":1,"column":0},"end":{"line":1,"column":44}},"1":{"start":{"line":2,"column":0},"end":{"line":2,"column":37}},"2":{"start":{"line":3,"column":0},"end":{"line":3,"column":43}},"3":{"start":{"line":5,"column":0},"end":{"line":5,"column":null}},"4":{"start":{"line":6,"column":2},"end":{"line":6,"column":null}},"5":{"start":{"line":7,"column":2},"end":{"line":7,"column":null}},"6":{"start":{"line":8,"column":2},"end":{"line":8,"column":null}},"7":{"start":{"line":11,"column":13},"end":{"line":15,"column":2}}},"fnMap":{"0":{"name":"(anonymous_0)","decl":{"start":{"line":5,"column":0},"end":{"line":5,"column":12}},"loc":{"start":{"line":5,"column":22},"end":{"line":9,"column":1}}}},"branchMap":{"0":{"loc":{"start":{"line":5,"column":12},"end":{"line":5,"column":null}},"type":"binary-expr","locations":[{"start":{"line":5,"column":12},"end":{"line":5,"column":22}},{"start":{"line":5,"column":22},"end":{"line":5,"column":null}}]}},"s":{"0":1,"1":1,"2":1,"3":1,"4":1,"5":1,"6":1,"7":1},"f":{"0":1},"b":{"0":[1,1]}},"/home/runner/work/backend-node-service/backend-node-service/src/packages/logger/nest-logger/index.ts":{"path":"/home/runner/work/backend-node-service/backend-node-service/src/packages/logger/nest-logger/index.ts","statementMap":{"0":{"start":{"line":1,"column":0},"end":{"line":1,"column":40}},"1":{"start":{"line":4,"column":0},"end":{"line":4,"column":49}},"2":{"start":{"line":11,"column":4},"end":{"line":11,"column":34}},"3":{"start":{"line":12,"column":4},"end":{"line":12,"column":46}},"4":{"start":{"line":16,"column":23},"end":{"line":16,"column":82}},"5":{"start":{"line":17,"column":4},"end":{"line":20,"column":7}},"6":{"start":{"line":18,"column":6},"end":{"line":19,"column":82}},"7":{"start":{"line":19,"column":8},"end":{"line":19,"column":82}},"8":{"start":{"line":21,"column":4},"end":{"line":21,"column":16}},"9":{"start":{"line":25,"column":4},"end":{"line":32,"column":19}},"10":{"start":{"line":36,"column":4},"end":{"line":36,"column":58}},"11":{"start":{"line":39,"column":4},"end":{"line":39,"column":60}},"12":{"start":{"line":42,"column":4},"end":{"line":42,"column":59}},"13":{"start":{"line":45,"column":4},"end":{"line":45,"column":60}},"14":{"start":{"line":48,"column":4},"end":{"line":48,"column":60}},"15":{"start":{"line":6,"column":0},"end":{"line":6,"column":13}}},"fnMap":{"0":{"name":"(anonymous_0)","decl":{"start":{"line":10,"column":2},"end":{"line":10,"column":14}},"loc":{"start":{"line":10,"column":42},"end":{"line":13,"column":3}}},"1":{"name":"(anonymous_1)","decl":{"start":{"line":15,"column
[...]
e":"(anonymous_6)","decl":{"start":{"line":18,"column":2},"end":{"line":18,"column":7}},"loc":{"start":{"line":18,"column":43},"end":{"line":20,"column":3}}},"3":{"name":"(anonymous_7)","decl":{"start":{"line":22,"column":2},"end":{"line":22,"column":7}},"loc":{"start":{"line":22,"column":34},"end":{"line":24,"column":3}}}},"branchMap":{},"s":{"0":0,"1":0,"2":0,"3":0,"4":0,"5":0,"6":0,"7":0,"8":0,"9":0,"10":0},"f":{"0":0,"1":0,"2":0,"3":0},"b":{}},"/home/runner/work/backend-node-service/backend-node-service/src/modules/common/database/postgres/auth/schemas/auth-user.schema.ts":{"path":"/home/runner/work/backend-node-service/backend-node-service/src/modules/common/database/postgres/auth/schemas/auth-user.schema.ts","statementMap":{"0":{"start":{"line":1,"column":0},"end":{"line":1,"column":78}},"1":{"start":{"line":3,"column":0},"end":{"line":3,"column":39}},"2":{"start":{"line":4,"column":0},"end":{"line":4,"column":43}},"3":{"start":{"line":6,"column":13},"end":{"line":25,"column":3}}},"fnMap":{},"branchMap":{},"s":{"0":0,"1":0,"2":0,"3":0},"f":{},"b":{}},"/home/runner/work/backend-node-service/backend-node-service/src/modules/common/database/postgres/auth/schemas/base.schema.ts":{"path":"/home/runner/work/backend-node-service/backend-node-service/src/modules/common/database/postgres/auth/schemas/base.schema.ts","statementMap":{"0":{"start":{"line":3,"column":13},"end":{"line":16,"column":2}}},"fnMap":{},"branchMap":{},"s":{"0":0},"f":{},"b":{}},"/home/runner/work/backend-node-service/backend-node-service/src/modules/domain/payment/gateway/stripe/controllers/stripe.api.controller.ts":{"path":"/home/runner/work/backend-node-service/backend-node-service/src/modules/domain/payment/gateway/stripe/controllers/stripe.api.controller.ts","statementMap":{"0":{"start":{"line":1,"column":0},"end":{"line":1,"column":76}},"1":{"start":{"line":2,"column":0},"end":{"line":2,"column":65}},"2":{"start":{"line":3,"column":0},"end":{"line":3,"column":59}},"3":{"start":{"line":4,"column":0},"end":{"line":4,"column":91}},"4":{"start":{"line":8,"column":7},"end":{"line":54,"column":null}},"5":{"start":{"line":9,"column":31},"end":{"line":9,"column":46}},"6":{"start":{"line":17,"column":4},"end":{"line":17,"column":49}},"7":{"start":{"line":30,"column":4},"end":{"line":30,"column":64}},"8":{"start":{"line":39,"column":4},"end":{"line":39,"column":64}},"9":{"start":{"line":52,"column":4},"end":{"line":52,"column":50}},"10":{"start":{"line":8,"column":13},"end":{"line":8,"column":32}},"11":{"start":{"line":16,"column":2},"end":{"line":18,"column":null}},"12":{"start":{"line":29,"column":2},"end":{"line":31,"column":null}},"13":{"start":{"line":38,"column":2},"end":{"line":40,"column":null}},"14":{"start":{"line":51,"column":2},"end":{"line":53,"column":null}},"15":{"start":{"line":8,"column":13},"end":{"line":54,"column":null}}},"fnMap":{"0":{"name":"(anonymous_4)","decl":{"start":{"line":9,"column":2},"end":{"line":9,"column":31}},"loc":{"start":{"line":9,"column":59},"end":{"line":9,"column":63}}},"1":{"name":"(anonymous_5)","decl":{"start":{"line":16,"column":2},"end":{"line":16,"column":19}},"loc":{"start":{"line":16,"column":49},"end":{"line":18,"column":3}}},"2":{"name":"(anonymous_6)","decl":{"start":{"line":29,"column":2},"end":{"line":29,"column":24}},"loc":{"start":{"line":29,"column":68},"end":{"line":31,"column":3}}},"3":{"name":"(anonymous_7)","decl":{"start":{"line":38,"column":2},"end":{"line":38,"column":26}},"loc":{"start":{"line":38,"column":85},"end":{"line":40,"column":3}}},"4":{"name":"(anonymous_8)","decl":{"start":{"line":51,"column":2},"end":{"line":51,"column":22}},"loc":{"start":{"line":51,"column":88},"end":{"line":53,"column":3}}}},"branchMap":{},"s":{"0":0,"1":0,"2":0,"3":0,"4":0,"5":0,"6":0,"7":0,"8":0,"9":0,"10":0,"11":0,"12":0,"13":0,"14":0,"15":0},"f":{"0":0,"1":0,"2":0,"3":0,"4":0},"b":{}},"/home/runner/work/backend-node-service/backend-node-service/src/modules/domain/payment/gateway/stripe/shared/stripe.const.ts":{"path":"/home/runner/work/backend-node-service/backend-node-service/src/modules/domain/payment/gateway/stripe/shared/stripe.const.ts","statementMap":{"0":{"start":{"line":1,"column":0},"end":{"line":1,"column":null}},"1":{"start":{"line":2,"column":2},"end":{"line":2,"column":null}},"2":{"start":{"line":3,"column":2},"end":{"line":3,"column":null}},"3":{"start":{"line":6,"column":0},"end":{"line":6,"column":null}},"4":{"start":{"line":7,"column":2},"end":{"line":7,"column":null}},"5":{"start":{"line":8,"column":2},"end":{"line":8,"column":null}},"6":{"start":{"line":9,"column":2},"end":{"line":9,"column":null}},"7":{"start":{"line":10,"column":2},"end":{"line":10,"column":null}},"8":{"start":{"line":11,"column":2},"end":{"line":11,"column":null}},"9":{"start":{"line":14,"column":13},"end":{"line":20,"column":2}}},"fnMap":{"0":{"name":"(anonymous_0)","decl":{"start":{"line":1,"column":0},"end":{"line":1,"column":12}},"loc":{"start":{"line":1,"column":24},"end":{"line":4,"column":1}}},"1":{"name":"(anonymous_1)","decl":{"start":{"line":6,"column":0},"end":{"line":6,"column":12}},"loc":{"start":{"line":6,"column":25},"end":{"line":12,"column":1}}}},"branchMap":{"0":{"loc":{"start":{"line":1,"column":12},"end":{"line":1,"column":null}},"type":"binary-expr","locations":[{"start":{"line":1,"column":12},"end":{"line":1,"column":24}},{"start":{"line":1,"column":24},"end":{"line":1,"column":null}}]},"1":{"loc":{"start":{"line":6,"column":12},"end":{"line":6,"column":null}},"type":"binary-expr","locations":[{"start":{"line":6,"column":12},"end":{"line":6,"column":25}},{"start":{"line":6,"column":25},"end":{"line":6,"column":null}}]}},"s":{"0":0,"1":0,"2":0,"3":0,"4":0,"5":0,"6":0,"7":0,"8":0,"9":0},"f":{"0":0,"1":0},"b":{"0":[0,0],"1":[0,0]}},"/home/runner/work/backend-node-service/backend-node-service/src/modules/domain/payment/gateway/stripe/shared/stripe.dto.ts":{"path":"/home/runner/work/backend-node-service/backend-node-service/src/modules/domain/payment/gateway/stripe/shared/stripe.dto.ts","statementMap":{"0":{"start":{"line":1,"column":0},"end":{"line":1,"column":67}},"1":{"start":{"line":2,"column":0},"end":{"line":2,"column":83}},"2":{"start":{"line":4,"column":0},"end":{"line":4,"column":61}},"3":{"start":{"line":8,"column":0},"end":{"line":8,"column":13}},"4":{"start":{"line":17,"column":2},"end":{"line":17,"column":null}},"5":{"start":{"line":25,"column":2},"end":{"line":25,"column":null}},"6":{"start":{"line":33,"column":2},"end":{"line":33,"column":null}},"7":{"start":{"line":41,"column":2},"end":{"line":41,"column":null}},"8":{"start":{"line":49,"column":2},"end":{"line":49,"column":null}},"9":{"start":{"line":58,"column":2},"end":{"line":58,"column":null}},"10":{"start":{"line":61,"column":0},"end":{"line":61,"column":13}},"11":{"start":{"line":68,"column":2},"end":{"line":68,"column":null}},"12":{"start":{"line":77,"column":2},"end":{"line":77,"column":null}},"13":{"start":{"line":85,"column":2},"end":{"line":85,"column":null}},"14":{"start":{"line":88,"column":0},"end":{"line":88,"column":13}},"15":{"start":{"line":90,"column":0},"end":{"line":90,"column":13}},"16":{"start":{"line":92,"column":0},"end":{"line":92,"column":13}},"17":{"start":{"line":98,"column":2},"end":{"line":98,"column":null}},"18":{"start":{"line":105,"column":2},"end":{"line":105,"column":null}},"19":{"start":{"line":112,"column":2},"end":{"line":112,"column":null}},"20":{"start":{"line":119,"column":2},"end":{"line":119,"column":null}},"21":{"start":{"line":122,"column":0},"end":{"line":122,"column":13}}},"fnMap":{},"branchMap":{},"s":{"0":0,"1":0,"2":0,"3":0,"4":0,"5":0,"6":0,"7":0,"8":0,"9":0,"10":0,"11":0,"12":0,"13":0,"14":0,"15":0,"16":0,"17":0,"18":0,"19":0,"20":0,"21":0},"f":{},"b":{}},"/home/runner/work/backend-node-service/backend-node-service/src/modules/domain/payment/gateway/stripe/shared/stripe.provider.ts":{"path":"/home/runner/work/backend-node-service/backend-node-service/src/modules/domain/payment/gateway/stripe/shared/stripe.provider.ts","statementMap":{"0":{"start":{"line":1,"column":0},"end":{"line":1,"column":33}},"1":{"start":{"line":2,"column":0},"end":{"line":2,"column":28}},"2":{"start":{"line":4,"column":13},"end":{"line":4,"column":43}},"3":{"start":{"line":5,"column":13},"end":{"line":10,"column":2}},"4":{"start":{"line":8,"column":22},"end":{"line":8,"column":71}}},"fnMap":{"0":{"name":"(anonymous_0)","decl":{"start":{"line":8,"column":16},"end":{"line":8,"column":19}},"loc":{"start":{"line":8,"column":22},"end":{"line":8,"column":71}}}},"branchMap":{},"s":{"0":0,"1":0,"2":0,"3":0,"4":0},"f":{"0":0},"b":{}},"/home/runner/work/backend-node-service/backend-node-service/src/modules/domain/payment/gateway/stripe/services/stripe.service.ts":{"path":"/home/runner/work/backend-node-service/backend-node-service/src/modules/domain/payment/gateway/stripe/services/stripe.service.ts","statementMap":{"0":{"start":{"line":1,"column":0},"end":{"line":1,"column":73}},"1":{"start":{"line":2,"column":0},"end":{"line":2,"column":55}},"2":{"start":{"line":3,"column":0},"end":{"line":3,"column":33}},"3":{"start":{"line":4,"column":0},"end":{"line":4,"column":28}},"4":{"start":{"line":5,"column":0},"end":{"line":5,"column":65}},"5":{"start":{"line":8,"column":0},"end":{"line":8,"column":57}},"6":{"start":{"line":11,"column":7},"end":{"line":129,"column":null}},"7":{"start":{"line":12,"column":53},"end":{"line":12,"column":61}},"8":{"start":{"line":16,"column":4},"end":{"line":16,"column":89}},"9":{"start":{"line":16,"column":46},"end":{"line":16,"column":89}},"10":{"start":{"line":18,"column":22},"end":{"line":28,"column":6}},"11":{"start":{"line":30,"column":4},"end":{"line":30,"column":24}},"12":{"start":{"line":36,"column":8},"end":{"line":38,"column":6}},"13":{"start":{"line":40,"column":4},"end":{"line":40,"column":20}},"14":{"start":{"line":44,"column":21},"end":{"line":44,"column":57}},"15":{"start":{"line":46,"column":4},"end":{"line":48,"column":5}},"16":{"start":{"line":47,"column":6},"end":{"line":47,"column":63}},"17":{"start":{"line":50,"column":27},"end":{"line":50,"column":86}},"18":{"start":{"line":52,"column":4},"end":{"line":52,"column":55}},"19":{"start":{"line":56,"column":19},"end":{"line":56,"column":60}},"20":{"start":{"line":58,"column":16},"end":{"line":58,"column":21}},"21":{"start":{"line":59,"column":4},"end":{"line":68,"column":5}},"22":{"start":{"line":60,"column":6},"end":{"line":66,"column":9}},"23":{"start":{"line":67,"column":6},"end":{"line":67,"column":19}},"24":{"start":{"line":70,"column":4},"end":{"line":70,"column":34}},"25":{"start":{"line":74,"column":21},"end":{"line":74,"column":50}},"26":{"start":{"line":76,"column":22},"end":{"line":76,"column":51}},"27":{"start":{"line":78,"column":4},"end":{"line":80,"column":7}},"28":{"start":{"line":84,"column":21},"end":{"line":84,"column":50}},"29":{"start":{"line":86,"column":4},"end":{"line":88,"column":5}},"30":{"start":{"line":86,"column":39},"end":{"line":86,"column":57}},"31":{"start":{"line":87,"column":6},"end":{"line":87,"column":68}},"32":{"start":{"line":90,"column":4},"end":{"line":90,"column":67}},"33":{"start":{"line":94,"column":21},"end":{"line":94,"column":50}},"34":{"start":{"line":96,"column":19},"end":{"line":101,"column":6}},"35":{"start":{"line":103,"column":4},"end":{"line":103,"column":18}},"36":{"start":{"line":107,"column":21},"end":{"line":107,"column":62}},"37":{"start":{"line":108,"column":4},"end":{"line":110,"column":5}},"38":{"start":{"line":109,"column":6},"end":{"line":109,"column":63}},"39":{"start":{"line":112,"column":4},"end":{"line":118,"column":7}},"40":{"start":{"line":122,"column":21},"end":{"line":122,"column":57}},"41":{"start":{"line":123,"column":4},"end":{"line":125,"column":5}},"42":{"start":{"line":124,"column":6},"end":{"line":124,"column":63}},"43":{"start":{"line":127,"column":4},"end":{"line":127,"column":50}},"44":{"start":{"line":11,"column":13},"end":{"line":11,"column":26}},"45":{"start":{"line":11,"column":13},"end":{"line":129,"column":null}}},"fnMap":{"0":{"name":"(anonymous_4)","decl":{"start":{"line":12,"column":2},"end":{"line":12,"column":15}},"loc":{"start":{"line":12,"column":67},"end":{"line":12,"column":71}}},"1":{"name":"(anonymous_5)","decl":{"start":{"line":14,"column":2},"end":{"line":14,"column":7}},"loc":{"start":{"line":14,"column":40},"end":{"line":31,"column":3}}},"2":{"name":"(anonymous_6)","decl":{"start":{"line":33,"column":2},"end":{"line":33,"column":7}},"loc":{"start":{"line":33,"column":40},"end":{"line":41,"column":3}}},"3":{"name":"(anonymous_7)","decl":{"start":{"line":43,"column":2},"end":{"line":43,"column":7}},"loc":{"start":{"line":43,"column":33},"end":{"line":53,"column":3}}},"4":{"name":"(anonymous_8)","decl":{"start":{"line":55,"column":2},"end":{"line":55,"column":7}},"loc":{"start":{"line":55,"column":36},"end":{"line":71,"column":3}}},"5":{"name":"(anonymous_9)","decl":{"start":{"line":73,"column":2},"end":{"line":73,"column":7}},"loc":{"start":{"line":73,"column":58},"end":{"line":81,"column":3}}},"6":{"name":"(anonymous_10)","decl":{"start":{"line":83,"column":2},"end":{"line":83,"column":7}},"loc":{"start":{"line":83,"column":56},"end":{"line":91,"column":3}}},"7":{"name":"(anonymous_11)","decl":{"start":{"line":86,"column":29},"end":{"line":86,"column":30}},"loc":{"start":{"line":86,"column":39},"end":{"line":86,"column":57}}},"8":{"name":"(anonymous_12)","decl":{"start":{"line":93,"column":2},"end":{"line":93,"column":7}},"loc":{"start":{"line":93,"column":57},"end":{"line":104,"column":3}}},"9":{"name":"(anonymous_13)","decl":{"start":{"line":106,"column":2},"end":{"line":106,"column":7}},"loc":{"start":{"line":106,"column":34},"end":{"line":119,"column":3}}},"10":{"name":"(anonymous_14)","decl":{"start":{"line":121,"column":2},"end":{"line":121,"column":7}},"loc":{"start":{"line":121,"column":43},"end":{"line":128,"column":3}}}},"branchMap":{"0":{"loc":{"start":{"line":16,"column":4},"end":{"line":16,"column":89}},"type":"if","locations":[{"start":{"line":16,"column":4},"end":{"line":16,"column":89}}]},"1":{"loc":{"start":{"line":46,"column":4},"end":{"line":48,"column":5}},"type":"if","locations":[{"start":{"line":46,"column":4},"end":{"line":48,"column":5}}]},"2":{"loc":{"start":{"line":59,"column":4},"end":{"line":68,"column":5}},"type":"if","locations":[{"start":{"line":59,"column":4},"end":{"line":68,"column":5}}]},"3":{"loc":{"start":{"line":86,"column":4},"end":{"line":88,"column":5}},"type":"if","locations":[{"start":{"line":86,"column":4},"end":{"line":88,"column":5}}]},"4":{"loc":{"start":{"line":108,"column":4},"end":{"line":110,"column":5}},"type":"if","locations":[{"start":{"line":108,"column":4},"end":{"line":110,"column":5}}]},"5":{"loc":{"start":{"line":123,"column":4},"end":{"line":125,"column":5}},"type":"if","locations":[{"start":{"line":123,"column":4},"end":{"line":125,"column":5}}]}},"s":{"0":0,"1":0,"2":0,"3":0,"4":0,"5":0,"6":0,"7":0,"8":0,"9":0,"10":0,"11":0,"12":0,"13":0,"14":0,"15":0,"16":0,"17":0,"18":0,"19":0,"20":0,"21":0,"22":0,"23":0,"24":0,"25":0,"26":0,"27":0,"28":0,"29":0,"30":0,"31":0,"32":0,"33":0,"34":0,"35":0,"36":0,"37":0,"38":0,"39":0,"40":0,"41":0,"42":0,"43":0,"44":0,"45":0},"f":{"0":0,"1":0,"2":0,"3":0,"4":0,"5":0,"6":0,"7":0,"8":0,"9":0,"10":0},"b":{"0":[0],"1":[0],"2":[0],"3":[0],"4":[0],"5":[0]}},"/home/runner/work/backend-node-service/backend-node-service/src/modules/common/database/mongo/auth/schemas/user-session.schema.ts":{"path":"/home/runner/work/backend-node-service/backend-node-service/src/modules/common/database/mongo/auth/schemas/user-session.schema.ts","statementMap":{"0":{"start":{"line":1,"column":0},"end":{"line":1,"column":44}},"1":{"start":{"line":3,"column":0},"end":{"line":3,"column":59}},"2":{"start":{"line":4,"column":0},"end":{"line":4,"column":57}},"3":{"start":{"line":8,"column":13},"end":{"line":26,"column":2}},"4":{"start":{"line":18,"column":29},"end":{"line":18,"column":47}},"5":{"start":{"line":22,"column":29},"end":{"line":22,"column":47}}},"fnMap":{"0":{"name":"(anonymous_0)","decl":{"start":{"line":18,"column":17},"end":{"line":18,"column":18}},"loc":{"start":{"line":18,"column":29},"end":{"line":18,"column":47}}},"1":{"name":"(anonymous_1)","decl":{"start":{"line":22,"column":17},"end":{"line":22,"column":18}},"loc":{"start":{"line":22,"column":29},"end":{"line":22,"column":47}}}},"branchMap":{},"s":{"0":0,"1":0,"2":0,"3":0,"4":0,"5":0},"f":{"0":0,"1":0},"b":{}},"/home/runner/work/backend-node-service/backend-node-service/src/modules/common/database/mongo/auth/repositories/user-session.repository.ts":{"path":"/home/runner/work/backend-node-service/backend-node-service/src/modules/common/database/mongo/auth/repositories/user-session.repository.ts","statementMap":{"0":{"start":{"line":1,"column":0},"end":{"line":1,"column":44}},"1":{"start":{"line":2,"column":0},"end":{"line":2,"column":80}},"2":{"start":{"line":4,"column":0},"end":{"line":4,"column":33}},"3":{"start":{"line":6,"column":0},"end":{"line":6,"column":66}},"4":{"start":{"line":8,"column":0},"end":{"line":8,"column":57}},"5":{"start":{"line":9,"column":0},"end":{"line":9,"column":89}},"6":{"start":{"line":12,"column":7},"end":{"line":59,"column":null}},"7":{"start":{"line":16,"column":4},"end":{"line":16,"column":64}},"8":{"start":{"line":23,"column":21},"end":{"line":23,"column":64}},"9":{"start":{"line":24,"column":4},"end":{"line":24,"column":18}},"10":{"start":{"line":28,"column":18},"end":{"line":36,"column":null}},"11":{"start":{"line":38,"column":21},"end":{"line":38,"column":83}},"12":{"start":{"line":39,"column":4},"end":{"line":39,"column":76}},"13":{"start":{"line":39,"column":18},"end":{"line":39,"column":76}},"14":{"start":{"line":40,"column":4},"end":{"line":40,"column":16}},"15":{"start":{"line":44,"column":4},"end":{"line":52,"column":6}},"16":{"start":{"line":56,"column":19},"end":{"line":56,"column":76}},"17":{"start":{"line":57,"column":4},"end":{"line":57,"column":20}},"18":{"start":{"line":12,"column":13},"end":{"line":12,"column":34}},"19":{"start":{"line":12,"column":13},"end":{"line":59,"column":null}}},"fnMap":{"0":{"name":"(anonymous_2)","decl":{"start":{"line":15,"column":2},"end":{"line":15,"column":null}},"loc":{"start":{"line":15,"column":2},"end":{"line":17,"column":3}}},"1":{"name":"(anonymous_3)","decl":{"start":{"line":19,"column":2},"end":{"line":19,"column":7}},"loc":{"start":{"line":21,"column":25},"end":{"line":25,"column":3}}},"2":{"name":"(anonymous_4)","decl":{"start":{"line":27,"column":2},"end":{"line":27,"column":7}},"loc":{"start":{"line":27,"column":89},"end":{"line":41,"column":3}}},"3":{"name":"(anonymous_5)","decl":{"start":{"line":43,"column":2},"end":{"line":43,"column":7}},"loc":{"start":{"line":43,"column":21},"end":{"line":53,"column":3}}},"4":{"name":"(anonymous_6)","decl":{"start":{"line":55,"column":2},"end":{"line":55,"column":7}},"loc":{"start":{"line":55,"column":43},"end":{"line":58,"column":3}}}},"branchMap":{"0":{"loc":{"start":{"line":27,"column":19},"end":{"line":27,"column":65}},"type":"default-arg","locations":[{"start":{"line":27,"column":63},"end":{"line":27,"column":65}}]},"1":{"loc":{"start":{"line":38,"column":28},"end":{"line":38,"column":82}},"type":"cond-expr","locations":[{"start":{"line":38,"column":46},"end":{"line":38,"column":74}},{"start":{"line":38,"column":77},"end":{"line":38,"column":82}}]},"2":{"loc":{"start":{"line":39,"column":4},"end":{"line":39,"column":76}},"type":"if","locations":[{"start":{"line":39,"column":4},"end":{"line":39,"column":76}}]},"3":{"loc":{"start":{"line":39,"column":25},"end":{"line":39,"column":75}},"type":"cond-expr","locations":[{"start":{"line":39,"column":41},"end":{"line":39,"column":64}},{"start":{"line":39,"column":67},"end":{"line":39,"column":75}}]}},"s":{"0":0,"1":0,"2":0,"3":0,"4":0,"5":0,"6":0,"7":0,"8":0,"9":0,"10":0,"11":0,"12":0,"13":0,"14":0,"15":0,"16":0,"17":0,"18":0,"19":0},"f":{"0":0,"1":0,"2":0,"3":0,"4":0},"b":{"0":[0],"1":[0,0],"2":[0],"3":[0,0]}}}}
